<?xml version="1.0" encoding="UTF-8"?>
<!-- Generated by org.testng.reporters.JUnitXMLReporter -->
<testsuite hostname="Alle-2QL47X3" name="Default test" tests="2" failures="2" timestamp="7 Dec 2023 14:31:30 GMT" time="27.69" errors="0">
  <testcase name="AmazonSearch_Test" time="22.395" classname="com.crm.qa.testcases.AmazonTest">
    <failure type="java.lang.StackOverflowError">
      <![CDATA[java.lang.StackOverflowError
	at java.io.BufferedWriter.write(BufferedWriter.java:226)
	at java.io.Writer.write(Writer.java:157)
	at java.io.PrintStream.write(PrintStream.java:525)
	at java.io.PrintStream.print(PrintStream.java:669)
	at java.io.PrintStream.println(PrintStream.java:806)
	at com.crm.qa.util.WebEventListener.onException(WebEventListener.java:66)
	at sun.reflect.GeneratedMethodAccessor1.invoke(Unknown Source)
	at sun.reflect.DelegatingMethodAccessorImpl.invoke(DelegatingMethodAccessorImpl.java:43)
	at java.lang.reflect.Method.invoke(Method.java:483)
	at org.openqa.selenium.support.events.EventFiringWebDriver.lambda$new$0(EventFiringWebDriver.java:84)
	at org.openqa.selenium.support.events.EventFiringWebDriver$$Lambda$199/212683148.invoke(Unknown Source)
	at com.sun.proxy.$Proxy4.onException(Unknown Source)
	at org.openqa.selenium.support.events.EventFiringWebDriver.lambda$new$1(EventFiringWebDriver.java:107)
	at org.openqa.selenium.support.events.EventFiringWebDriver$$Lambda$200/929383713.invoke(Unknown Source)
	at com.sun.proxy.$Proxy5.getScreenshotAs(Unknown Source)
	at org.openqa.selenium.support.events.EventFiringWebDriver.getScreenshotAs(EventFiringWebDriver.java:302)
	at com.crm.qa.util.TestUtil.takeScreenshotAtEndOfTest(TestUtil.java:65)
	at com.crm.qa.util.WebEventListener.onException(WebEventListener.java:68)
	at sun.reflect.GeneratedMethodAccessor1.invoke(Unknown Source)
	at sun.reflect.DelegatingMethodAccessorImpl.invoke(DelegatingMethodAccessorImpl.java:43)
	at java.lang.reflect.Method.invoke(Method.java:483)
	at org.openqa.selenium.support.events.EventFiringWebDriver.lambda$new$0(EventFiringWebDriver.java:84)
	at org.openqa.selenium.support.events.EventFiringWebDriver$$Lambda$199/212683148.invoke(Unknown Source)
	at com.sun.proxy.$Proxy4.onException(Unknown Source)
	at org.openqa.selenium.support.events.EventFiringWebDriver.lambda$new$1(EventFiringWebDriver.java:107)
	at org.openqa.selenium.support.events.EventFiringWebDriver$$Lambda$200/929383713.invoke(Unknown Source)
	at com.sun.proxy.$Proxy5.getScreenshotAs(Unknown Source)
	at org.openqa.selenium.support.events.EventFiringWebDriver.getScreenshotAs(EventFiringWebDriver.java:302)
	at com.crm.qa.util.TestUtil.takeScreenshotAtEndOfTest(TestUtil.java:65)
	at com.crm.qa.util.WebEventListener.onException(WebEventListener.java:68)
	at sun.reflect.GeneratedMethodAccessor1.invoke(Unknown Source)
	at sun.reflect.DelegatingMethodAccessorImpl.invoke(DelegatingMethodAccessorImpl.java:43)
	at java.lang.reflect.Method.invoke(Method.java:483)
	at org.openqa.selenium.support.events.EventFiringWebDriver.lambda$new$0(EventFiringWebDriver.java:84)
	at org.openqa.selenium.support.events.EventFiringWebDriver$$Lambda$199/212683148.invoke(Unknown Source)
	at com.sun.proxy.$Proxy4.onException(Unknown Source)
	at org.openqa.selenium.support.events.EventFiringWebDriver.lambda$new$1(EventFiringWebDriver.java:107)
	at org.openqa.selenium.support.events.EventFiringWebDriver$$Lambda$200/929383713.invoke(Unknown Source)
	at com.sun.proxy.$Proxy5.getScreenshotAs(Unknown Source)
	at org.openqa.selenium.support.events.EventFiringWebDriver.getScreenshotAs(EventFiringWebDriver.java:302)
	at com.crm.qa.util.TestUtil.takeScreenshotAtEndOfTest(TestUtil.java:65)
	at com.crm.qa.util.WebEventListener.onException(WebEventListener.java:68)
	at sun.reflect.GeneratedMethodAccessor1.invoke(Unknown Source)
	at sun.reflect.DelegatingMethodAccessorImpl.invoke(DelegatingMethodAccessorImpl.java:43)
	at java.lang.reflect.Method.invoke(Method.java:483)
	at org.openqa.selenium.support.events.EventFiringWebDriver.lambda$new$0(EventFiringWebDriver.java:84)
	at org.openqa.selenium.support.events.EventFiringWebDriver$$Lambda$199/212683148.invoke(Unknown Source)
	at com.sun.proxy.$Proxy4.onException(Unknown Source)
	at org.openqa.selenium.support.events.EventFiringWebDriver.lambda$new$1(EventFiringWebDriver.java:107)
	at org.openqa.selenium.support.events.EventFiringWebDriver$$Lambda$200/929383713.invoke(Unknown Source)
	at com.sun.proxy.$Proxy5.getScreenshotAs(Unknown Source)
	at org.openqa.selenium.support.events.EventFiringWebDriver.getScreenshotAs(EventFiringWebDriver.java:302)
	at com.crm.qa.util.TestUtil.takeScreenshotAtEndOfTest(TestUtil.java:65)
	at com.crm.qa.util.WebEventListener.onException(WebEventListener.java:68)
	at sun.reflect.GeneratedMethodAccessor1.invoke(Unknown Source)
	at sun.reflect.DelegatingMethodAccessorImpl.invoke(DelegatingMethodAccessorImpl.java:43)
	at java.lang.reflect.Method.invoke(Method.java:483)
	at org.openqa.selenium.support.events.EventFiringWebDriver.lambda$new$0(EventFiringWebDriver.java:84)
	at org.openqa.selenium.support.events.EventFiringWebDriver$$Lambda$199/212683148.invoke(Unknown Source)
	at com.sun.proxy.$Proxy4.onException(Unknown Source)
	at org.openqa.selenium.support.events.EventFiringWebDriver.lambda$new$1(EventFiringWebDriver.java:107)
	at org.openqa.selenium.support.events.EventFiringWebDriver$$Lambda$200/929383713.invoke(Unknown Source)
	at com.sun.proxy.$Proxy5.getScreenshotAs(Unknown Source)
	at org.openqa.selenium.support.events.EventFiringWebDriver.getScreenshotAs(EventFiringWebDriver.java:302)
	at com.crm.qa.util.TestUtil.takeScreenshotAtEndOfTest(TestUtil.java:65)
	at com.crm.qa.util.WebEventListener.onException(WebEventListener.java:68)
	at sun.reflect.GeneratedMethodAccessor1.invoke(Unknown Source)
	at sun.reflect.DelegatingMethodAccessorImpl.invoke(DelegatingMethodAccessorImpl.java:43)
	at java.lang.reflect.Method.invoke(Method.java:483)
	at org.openqa.selenium.support.events.EventFiringWebDriver.lambda$new$0(EventFiringWebDriver.java:84)
	at org.openqa.selenium.support.events.EventFiringWebDriver$$Lambda$199/212683148.invoke(Unknown Source)
	at com.sun.proxy.$Proxy4.onException(Unknown Source)
	at org.openqa.selenium.support.events.EventFiringWebDriver.lambda$new$1(EventFiringWebDriver.java:107)
	at org.openqa.selenium.support.events.EventFiringWebDriver$$Lambda$200/929383713.invoke(Unknown Source)
	at com.sun.proxy.$Proxy5.getScreenshotAs(Unknown Source)
	at org.openqa.selenium.support.events.EventFiringWebDriver.getScreenshotAs(EventFiringWebDriver.java:302)
	at com.crm.qa.util.TestUtil.takeScreenshotAtEndOfTest(TestUtil.java:65)
	at com.crm.qa.util.WebEventListener.onException(WebEventListener.java:68)
	at sun.reflect.GeneratedMethodAccessor1.invoke(Unknown Source)
	at sun.reflect.DelegatingMethodAccessorImpl.invoke(DelegatingMethodAccessorImpl.java:43)
	at java.lang.reflect.Method.invoke(Method.java:483)
	at org.openqa.selenium.support.events.EventFiringWebDriver.lambda$new$0(EventFiringWebDriver.java:84)
	at org.openqa.selenium.support.events.EventFiringWebDriver$$Lambda$199/212683148.invoke(Unknown Source)
	at com.sun.proxy.$Proxy4.onException(Unknown Source)
	at org.openqa.selenium.support.events.EventFiringWebDriver.lambda$new$1(EventFiringWebDriver.java:107)
	at org.openqa.selenium.support.events.EventFiringWebDriver$$Lambda$200/929383713.invoke(Unknown Source)
	at com.sun.proxy.$Proxy5.getScreenshotAs(Unknown Source)
	at org.openqa.selenium.support.events.EventFiringWebDriver.getScreenshotAs(EventFiringWebDriver.java:302)
	at com.crm.qa.util.TestUtil.takeScreenshotAtEndOfTest(TestUtil.java:65)
	at com.crm.qa.util.WebEventListener.onException(WebEventListener.java:68)
	at sun.reflect.GeneratedMethodAccessor1.invoke(Unknown Source)
	at sun.reflect.DelegatingMethodAccessorImpl.invoke(DelegatingMethodAccessorImpl.java:43)
	at java.lang.reflect.Method.invoke(Method.java:483)
	at org.openqa.selenium.support.events.EventFiringWebDriver.lambda$new$0(EventFiringWebDriver.java:84)
	at org.openqa.selenium.support.events.EventFiringWebDriver$$Lambda$199/212683148.invoke(Unknown Source)
	at com.sun.proxy.$Proxy4.onException(Unknown Source)
	at org.openqa.selenium.support.events.EventFiringWebDriver.lambda$new$1(EventFiringWebDriver.java:107)
	at org.openqa.selenium.support.events.EventFiringWebDriver$$Lambda$200/929383713.invoke(Unknown Source)
	at com.sun.proxy.$Proxy5.getScreenshotAs(Unknown Source)
	at org.openqa.selenium.support.events.EventFiringWebDriver.getScreenshotAs(EventFiringWebDriver.java:302)
	at com.crm.qa.util.TestUtil.takeScreenshotAtEndOfTest(TestUtil.java:65)
	at com.crm.qa.util.WebEventListener.onException(WebEventListener.java:68)
	at sun.reflect.GeneratedMethodAccessor1.invoke(Unknown Source)
	at sun.reflect.DelegatingMethodAccessorImpl.invoke(DelegatingMethodAccessorImpl.java:43)
	at java.lang.reflect.Method.invoke(Method.java:483)
	at org.openqa.selenium.support.events.EventFiringWebDriver.lambda$new$0(EventFiringWebDriver.java:84)
	at org.openqa.selenium.support.events.EventFiringWebDriver$$Lambda$199/212683148.invoke(Unknown Source)
	at com.sun.proxy.$Proxy4.onException(Unknown Source)
	at org.openqa.selenium.support.events.EventFiringWebDriver.lambda$new$1(EventFiringWebDriver.java:107)
	at org.openqa.selenium.support.events.EventFiringWebDriver$$Lambda$200/929383713.invoke(Unknown Source)
	at com.sun.proxy.$Proxy5.getScreenshotAs(Unknown Source)
	at org.openqa.selenium.support.events.EventFiringWebDriver.getScreenshotAs(EventFiringWebDriver.java:302)
	at com.crm.qa.util.TestUtil.takeScreenshotAtEndOfTest(TestUtil.java:65)
	at com.crm.qa.util.WebEventListener.onException(WebEventListener.java:68)
	at sun.reflect.GeneratedMethodAccessor1.invoke(Unknown Source)
	at sun.reflect.DelegatingMethodAccessorImpl.invoke(DelegatingMethodAccessorImpl.java:43)
	at java.lang.reflect.Method.invoke(Method.java:483)
	at org.openqa.selenium.support.events.EventFiringWebDriver.lambda$new$0(EventFiringWebDriver.java:84)
	at org.openqa.selenium.support.events.EventFiringWebDriver$$Lambda$199/212683148.invoke(Unknown Source)
	at com.sun.proxy.$Proxy4.onException(Unknown Source)
	at org.openqa.selenium.support.events.EventFiringWebDriver.lambda$new$1(EventFiringWebDriver.java:107)
	at org.openqa.selenium.support.events.EventFiringWebDriver$$Lambda$200/929383713.invoke(Unknown Source)
	at com.sun.proxy.$Proxy5.getScreenshotAs(Unknown Source)
	at org.openqa.selenium.support.events.EventFiringWebDriver.getScreenshotAs(EventFiringWebDriver.java:302)
	at com.crm.qa.util.TestUtil.takeScreenshotAtEndOfTest(TestUtil.java:65)
	at com.crm.qa.util.WebEventListener.onException(WebEventListener.java:68)
	at sun.reflect.GeneratedMethodAccessor1.invoke(Unknown Source)
	at sun.reflect.DelegatingMethodAccessorImpl.invoke(DelegatingMethodAccessorImpl.java:43)
	at java.lang.reflect.Method.invoke(Method.java:483)
	at org.openqa.selenium.support.events.EventFiringWebDriver.lambda$new$0(EventFiringWebDriver.java:84)
	at org.openqa.selenium.support.events.EventFiringWebDriver$$Lambda$199/212683148.invoke(Unknown Source)
	at com.sun.proxy.$Proxy4.onException(Unknown Source)
	at org.openqa.selenium.support.events.EventFiringWebDriver.lambda$new$1(EventFiringWebDriver.java:107)
	at org.openqa.selenium.support.events.EventFiringWebDriver$$Lambda$200/929383713.invoke(Unknown Source)
	at com.sun.proxy.$Proxy5.getScreenshotAs(Unknown Source)
	at org.openqa.selenium.support.events.EventFiringWebDriver.getScreenshotAs(EventFiringWebDriver.java:302)
	at com.crm.qa.util.TestUtil.takeScreenshotAtEndOfTest(TestUtil.java:65)
	at com.crm.qa.util.WebEventListener.onException(WebEventListener.java:68)
	at sun.reflect.GeneratedMethodAccessor1.invoke(Unknown Source)
	at sun.reflect.DelegatingMethodAccessorImpl.invoke(DelegatingMethodAccessorImpl.java:43)
	at java.lang.reflect.Method.invoke(Method.java:483)
	at org.openqa.selenium.support.events.EventFiringWebDriver.lambda$new$0(EventFiringWebDriver.java:84)
	at org.openqa.selenium.support.events.EventFiringWebDriver$$Lambda$199/212683148.invoke(Unknown Source)
	at com.sun.proxy.$Proxy4.onException(Unknown Source)
	at org.openqa.selenium.support.events.EventFiringWebDriver.lambda$new$1(EventFiringWebDriver.java:107)
	at org.openqa.selenium.support.events.EventFiringWebDriver$$Lambda$200/929383713.invoke(Unknown Source)
	at com.sun.proxy.$Proxy5.getScreenshotAs(Unknown Source)
	at org.openqa.selenium.support.events.EventFiringWebDriver.getScreenshotAs(EventFiringWebDriver.java:302)
	at com.crm.qa.util.TestUtil.takeScreenshotAtEndOfTest(TestUtil.java:65)
	at com.crm.qa.util.WebEventListener.onException(WebEventListener.java:68)
	at sun.reflect.GeneratedMethodAccessor1.invoke(Unknown Source)
	at sun.reflect.DelegatingMethodAccessorImpl.invoke(DelegatingMethodAccessorImpl.java:43)
	at java.lang.reflect.Method.invoke(Method.java:483)
	at org.openqa.selenium.support.events.EventFiringWebDriver.lambda$new$0(EventFiringWebDriver.java:84)
	at org.openqa.selenium.support.events.EventFiringWebDriver$$Lambda$199/212683148.invoke(Unknown Source)
	at com.sun.proxy.$Proxy4.onException(Unknown Source)
	at org.openqa.selenium.support.events.EventFiringWebDriver.lambda$new$1(EventFiringWebDriver.java:107)
	at org.openqa.selenium.support.events.EventFiringWebDriver$$Lambda$200/929383713.invoke(Unknown Source)
	at com.sun.proxy.$Proxy5.getScreenshotAs(Unknown Source)
	at org.openqa.selenium.support.events.EventFiringWebDriver.getScreenshotAs(EventFiringWebDriver.java:302)
	at com.crm.qa.util.TestUtil.takeScreenshotAtEndOfTest(TestUtil.java:65)
	at com.crm.qa.util.WebEventListener.onException(WebEventListener.java:68)
	at sun.reflect.GeneratedMethodAccessor1.invoke(Unknown Source)
	at sun.reflect.DelegatingMethodAccessorImpl.invoke(DelegatingMethodAccessorImpl.java:43)
	at java.lang.reflect.Method.invoke(Method.java:483)
	at org.openqa.selenium.support.events.EventFiringWebDriver.lambda$new$0(EventFiringWebDriver.java:84)
	at org.openqa.selenium.support.events.EventFiringWebDriver$$Lambda$199/212683148.invoke(Unknown Source)
	at com.sun.proxy.$Proxy4.onException(Unknown Source)
	at org.openqa.selenium.support.events.EventFiringWebDriver.lambda$new$1(EventFiringWebDriver.java:107)
	at org.openqa.selenium.support.events.EventFiringWebDriver$$Lambda$200/929383713.invoke(Unknown Source)
	at com.sun.proxy.$Proxy5.getScreenshotAs(Unknown Source)
	at org.openqa.selenium.support.events.EventFiringWebDriver.getScreenshotAs(EventFiringWebDriver.java:302)
	at com.crm.qa.util.TestUtil.takeScreenshotAtEndOfTest(TestUtil.java:65)
	at com.crm.qa.util.WebEventListener.onException(WebEventListener.java:68)
	at sun.reflect.GeneratedMethodAccessor1.invoke(Unknown Source)
	at sun.reflect.DelegatingMethodAccessorImpl.invoke(DelegatingMethodAccessorImpl.java:43)
	at java.lang.reflect.Method.invoke(Method.java:483)
	at org.openqa.selenium.support.events.EventFiringWebDriver.lambda$new$0(EventFiringWebDriver.java:84)
	at org.openqa.selenium.support.events.EventFiringWebDriver$$Lambda$199/212683148.invoke(Unknown Source)
	at com.sun.proxy.$Proxy4.onException(Unknown Source)
	at org.openqa.selenium.support.events.EventFiringWebDriver.lambda$new$1(EventFiringWebDriver.java:107)
	at org.openqa.selenium.support.events.EventFiringWebDriver$$Lambda$200/929383713.invoke(Unknown Source)
	at com.sun.proxy.$Proxy5.getScreenshotAs(Unknown Source)
	at org.openqa.selenium.support.events.EventFiringWebDriver.getScreenshotAs(EventFiringWebDriver.java:302)
	at com.crm.qa.util.TestUtil.takeScreenshotAtEndOfTest(TestUtil.java:65)
	at com.crm.qa.util.WebEventListener.onException(WebEventListener.java:68)
	at sun.reflect.GeneratedMethodAccessor1.invoke(Unknown Source)
	at sun.reflect.DelegatingMethodAccessorImpl.invoke(DelegatingMethodAccessorImpl.java:43)
	at java.lang.reflect.Method.invoke(Method.java:483)
	at org.openqa.selenium.support.events.EventFiringWebDriver.lambda$new$0(EventFiringWebDriver.java:84)
	at org.openqa.selenium.support.events.EventFiringWebDriver$$Lambda$199/212683148.invoke(Unknown Source)
	at com.sun.proxy.$Proxy4.onException(Unknown Source)
	at org.openqa.selenium.support.events.EventFiringWebDriver.lambda$new$1(EventFiringWebDriver.java:107)
	at org.openqa.selenium.support.events.EventFiringWebDriver$$Lambda$200/929383713.invoke(Unknown Source)
	at com.sun.proxy.$Proxy5.getScreenshotAs(Unknown Source)
	at org.openqa.selenium.support.events.EventFiringWebDriver.getScreenshotAs(EventFiringWebDriver.java:302)
	at com.crm.qa.util.TestUtil.takeScreenshotAtEndOfTest(TestUtil.java:65)
	at com.crm.qa.util.WebEventListener.onException(WebEventListener.java:68)
	at sun.reflect.GeneratedMethodAccessor1.invoke(Unknown Source)
	at sun.reflect.DelegatingMethodAccessorImpl.invoke(DelegatingMethodAccessorImpl.java:43)
	at java.lang.reflect.Method.invoke(Method.java:483)
	at org.openqa.selenium.support.events.EventFiringWebDriver.lambda$new$0(EventFiringWebDriver.java:84)
	at org.openqa.selenium.support.events.EventFiringWebDriver$$Lambda$199/212683148.invoke(Unknown Source)
	at com.sun.proxy.$Proxy4.onException(Unknown Source)
	at org.openqa.selenium.support.events.EventFiringWebDriver.lambda$new$1(EventFiringWebDriver.java:107)
	at org.openqa.selenium.support.events.EventFiringWebDriver$$Lambda$200/929383713.invoke(Unknown Source)
	at com.sun.proxy.$Proxy5.getScreenshotAs(Unknown Source)
	at org.openqa.selenium.support.events.EventFiringWebDriver.getScreenshotAs(EventFiringWebDriver.java:302)
	at com.crm.qa.util.TestUtil.takeScreenshotAtEndOfTest(TestUtil.java:65)
	at com.crm.qa.util.WebEventListener.onException(WebEventListener.java:68)
	at sun.reflect.GeneratedMethodAccessor1.invoke(Unknown Source)
	at sun.reflect.DelegatingMethodAccessorImpl.invoke(DelegatingMethodAccessorImpl.java:43)
	at java.lang.reflect.Method.invoke(Method.java:483)
	at org.openqa.selenium.support.events.EventFiringWebDriver.lambda$new$0(EventFiringWebDriver.java:84)
	at org.openqa.selenium.support.events.EventFiringWebDriver$$Lambda$199/212683148.invoke(Unknown Source)
	at com.sun.proxy.$Proxy4.onException(Unknown Source)
	at org.openqa.selenium.support.events.EventFiringWebDriver.lambda$new$1(EventFiringWebDriver.java:107)
	at org.openqa.selenium.support.events.EventFiringWebDriver$$Lambda$200/929383713.invoke(Unknown Source)
	at com.sun.proxy.$Proxy5.getScreenshotAs(Unknown Source)
	at org.openqa.selenium.support.events.EventFiringWebDriver.getScreenshotAs(EventFiringWebDriver.java:302)
	at com.crm.qa.util.TestUtil.takeScreenshotAtEndOfTest(TestUtil.java:65)
	at com.crm.qa.util.WebEventListener.onException(WebEventListener.java:68)
	at sun.reflect.GeneratedMethodAccessor1.invoke(Unknown Source)
	at sun.reflect.DelegatingMethodAccessorImpl.invoke(DelegatingMethodAccessorImpl.java:43)
	at java.lang.reflect.Method.invoke(Method.java:483)
	at org.openqa.selenium.support.events.EventFiringWebDriver.lambda$new$0(EventFiringWebDriver.java:84)
	at org.openqa.selenium.support.events.EventFiringWebDriver$$Lambda$199/212683148.invoke(Unknown Source)
	at com.sun.proxy.$Proxy4.onException(Unknown Source)
	at org.openqa.selenium.support.events.EventFiringWebDriver.lambda$new$1(EventFiringWebDriver.java:107)
	at org.openqa.selenium.support.events.EventFiringWebDriver$$Lambda$200/929383713.invoke(Unknown Source)
	at com.sun.proxy.$Proxy5.getScreenshotAs(Unknown Source)
	at org.openqa.selenium.support.events.EventFiringWebDriver.getScreenshotAs(EventFiringWebDriver.java:302)
	at com.crm.qa.util.TestUtil.takeScreenshotAtEndOfTest(TestUtil.java:65)
	at com.crm.qa.util.WebEventListener.onException(WebEventListener.java:68)
	at sun.reflect.GeneratedMethodAccessor1.invoke(Unknown Source)
	at sun.reflect.DelegatingMethodAccessorImpl.invoke(DelegatingMethodAccessorImpl.java:43)
	at java.lang.reflect.Method.invoke(Method.java:483)
	at org.openqa.selenium.support.events.EventFiringWebDriver.lambda$new$0(EventFiringWebDriver.java:84)
	at org.openqa.selenium.support.events.EventFiringWebDriver$$Lambda$199/212683148.invoke(Unknown Source)
	at com.sun.proxy.$Proxy4.onException(Unknown Source)
	at org.openqa.selenium.support.events.EventFiringWebDriver.lambda$new$1(EventFiringWebDriver.java:107)
	at org.openqa.selenium.support.events.EventFiringWebDriver$$Lambda$200/929383713.invoke(Unknown Source)
	at com.sun.proxy.$Proxy5.getScreenshotAs(Unknown Source)
	at org.openqa.selenium.support.events.EventFiringWebDriver.getScreenshotAs(EventFiringWebDriver.java:302)
	at com.crm.qa.util.TestUtil.takeScreenshotAtEndOfTest(TestUtil.java:65)
	at com.crm.qa.util.WebEventListener.onException(WebEventListener.java:68)
	at sun.reflect.GeneratedMethodAccessor1.invoke(Unknown Source)
	at sun.reflect.DelegatingMethodAccessorImpl.invoke(DelegatingMethodAccessorImpl.java:43)
	at java.lang.reflect.Method.invoke(Method.java:483)
	at org.openqa.selenium.support.events.EventFiringWebDriver.lambda$new$0(EventFiringWebDriver.java:84)
	at org.openqa.selenium.support.events.EventFiringWebDriver$$Lambda$199/212683148.invoke(Unknown Source)
	at com.sun.proxy.$Proxy4.onException(Unknown Source)
	at org.openqa.selenium.support.events.EventFiringWebDriver.lambda$new$1(EventFiringWebDriver.java:107)
	at org.openqa.selenium.support.events.EventFiringWebDriver$$Lambda$200/929383713.invoke(Unknown Source)
	at com.sun.proxy.$Proxy5.getScreenshotAs(Unknown Source)
	at org.openqa.selenium.support.events.EventFiringWebDriver.getScreenshotAs(EventFiringWebDriver.java:302)
	at com.crm.qa.util.TestUtil.takeScreenshotAtEndOfTest(TestUtil.java:65)
	at com.crm.qa.util.WebEventListener.onException(WebEventListener.java:68)
	at sun.reflect.GeneratedMethodAccessor1.invoke(Unknown Source)
	at sun.reflect.DelegatingMethodAccessorImpl.invoke(DelegatingMethodAccessorImpl.java:43)
	at java.lang.reflect.Method.invoke(Method.java:483)
	at org.openqa.selenium.support.events.EventFiringWebDriver.lambda$new$0(EventFiringWebDriver.java:84)
	at org.openqa.selenium.support.events.EventFiringWebDriver$$Lambda$199/212683148.invoke(Unknown Source)
	at com.sun.proxy.$Proxy4.onException(Unknown Source)
	at org.openqa.selenium.support.events.EventFiringWebDriver.lambda$new$1(EventFiringWebDriver.java:107)
	at org.openqa.selenium.support.events.EventFiringWebDriver$$Lambda$200/929383713.invoke(Unknown Source)
	at com.sun.proxy.$Proxy5.getScreenshotAs(Unknown Source)
	at org.openqa.selenium.support.events.EventFiringWebDriver.getScreenshotAs(EventFiringWebDriver.java:302)
	at com.crm.qa.util.TestUtil.takeScreenshotAtEndOfTest(TestUtil.java:65)
	at com.crm.qa.util.WebEventListener.onException(WebEventListener.java:68)
	at sun.reflect.GeneratedMethodAccessor1.invoke(Unknown Source)
	at sun.reflect.DelegatingMethodAccessorImpl.invoke(DelegatingMethodAccessorImpl.java:43)
	at java.lang.reflect.Method.invoke(Method.java:483)
	at org.openqa.selenium.support.events.EventFiringWebDriver.lambda$new$0(EventFiringWebDriver.java:84)
	at org.openqa.selenium.support.events.EventFiringWebDriver$$Lambda$199/212683148.invoke(Unknown Source)
	at com.sun.proxy.$Proxy4.onException(Unknown Source)
	at org.openqa.selenium.support.events.EventFiringWebDriver.lambda$new$1(EventFiringWebDriver.java:107)
	at org.openqa.selenium.support.events.EventFiringWebDriver$$Lambda$200/929383713.invoke(Unknown Source)
	at com.sun.proxy.$Proxy5.getScreenshotAs(Unknown Source)
	at org.openqa.selenium.support.events.EventFiringWebDriver.getScreenshotAs(EventFiringWebDriver.java:302)
	at com.crm.qa.util.TestUtil.takeScreenshotAtEndOfTest(TestUtil.java:65)
	at com.crm.qa.util.WebEventListener.onException(WebEventListener.java:68)
	at sun.reflect.GeneratedMethodAccessor1.invoke(Unknown Source)
	at sun.reflect.DelegatingMethodAccessorImpl.invoke(DelegatingMethodAccessorImpl.java:43)
	at java.lang.reflect.Method.invoke(Method.java:483)
	at org.openqa.selenium.support.events.EventFiringWebDriver.lambda$new$0(EventFiringWebDriver.java:84)
	at org.openqa.selenium.support.events.EventFiringWebDriver$$Lambda$199/212683148.invoke(Unknown Source)
	at com.sun.proxy.$Proxy4.onException(Unknown Source)
	at org.openqa.selenium.support.events.EventFiringWebDriver.lambda$new$1(EventFiringWebDriver.java:107)
	at org.openqa.selenium.support.events.EventFiringWebDriver$$Lambda$200/929383713.invoke(Unknown Source)
	at com.sun.proxy.$Proxy5.getScreenshotAs(Unknown Source)
	at org.openqa.selenium.support.events.EventFiringWebDriver.getScreenshotAs(EventFiringWebDriver.java:302)
	at com.crm.qa.util.TestUtil.takeScreenshotAtEndOfTest(TestUtil.java:65)
	at com.crm.qa.util.WebEventListener.onException(WebEventListener.java:68)
	at sun.reflect.GeneratedMethodAccessor1.invoke(Unknown Source)
	at sun.reflect.DelegatingMethodAccessorImpl.invoke(DelegatingMethodAccessorImpl.java:43)
	at java.lang.reflect.Method.invoke(Method.java:483)
	at org.openqa.selenium.support.events.EventFiringWebDriver.lambda$new$0(EventFiringWebDriver.java:84)
	at org.openqa.selenium.support.events.EventFiringWebDriver$$Lambda$199/212683148.invoke(Unknown Source)
	at com.sun.proxy.$Proxy4.onException(Unknown Source)
	at org.openqa.selenium.support.events.EventFiringWebDriver.lambda$new$1(EventFiringWebDriver.java:107)
	at org.openqa.selenium.support.events.EventFiringWebDriver$$Lambda$200/929383713.invoke(Unknown Source)
	at com.sun.proxy.$Proxy5.getScreenshotAs(Unknown Source)
	at org.openqa.selenium.support.events.EventFiringWebDriver.getScreenshotAs(EventFiringWebDriver.java:302)
	at com.crm.qa.util.TestUtil.takeScreenshotAtEndOfTest(TestUtil.java:65)
	at com.crm.qa.util.WebEventListener.onException(WebEventListener.java:68)
	at sun.reflect.GeneratedMethodAccessor1.invoke(Unknown Source)
	at sun.reflect.DelegatingMethodAccessorImpl.invoke(DelegatingMethodAccessorImpl.java:43)
	at java.lang.reflect.Method.invoke(Method.java:483)
	at org.openqa.selenium.support.events.EventFiringWebDriver.lambda$new$0(EventFiringWebDriver.java:84)
	at org.openqa.selenium.support.events.EventFiringWebDriver$$Lambda$199/212683148.invoke(Unknown Source)
	at com.sun.proxy.$Proxy4.onException(Unknown Source)
	at org.openqa.selenium.support.events.EventFiringWebDriver.lambda$new$1(EventFiringWebDriver.java:107)
	at org.openqa.selenium.support.events.EventFiringWebDriver$$Lambda$200/929383713.invoke(Unknown Source)
	at com.sun.proxy.$Proxy5.getScreenshotAs(Unknown Source)
	at org.openqa.selenium.support.events.EventFiringWebDriver.getScreenshotAs(EventFiringWebDriver.java:302)
	at com.crm.qa.util.TestUtil.takeScreenshotAtEndOfTest(TestUtil.java:65)
	at com.crm.qa.util.WebEventListener.onException(WebEventListener.java:68)
	at sun.reflect.GeneratedMethodAccessor1.invoke(Unknown Source)
	at sun.reflect.DelegatingMethodAccessorImpl.invoke(DelegatingMethodAccessorImpl.java:43)
	at java.lang.reflect.Method.invoke(Method.java:483)
	at org.openqa.selenium.support.events.EventFiringWebDriver.lambda$new$0(EventFiringWebDriver.java:84)
	at org.openqa.selenium.support.events.EventFiringWebDriver$$Lambda$199/212683148.invoke(Unknown Source)
	at com.sun.proxy.$Proxy4.onException(Unknown Source)
	at org.openqa.selenium.support.events.EventFiringWebDriver.lambda$new$1(EventFiringWebDriver.java:107)
	at org.openqa.selenium.support.events.EventFiringWebDriver$$Lambda$200/929383713.invoke(Unknown Source)
	at com.sun.proxy.$Proxy5.getScreenshotAs(Unknown Source)
	at org.openqa.selenium.support.events.EventFiringWebDriver.getScreenshotAs(EventFiringWebDriver.java:302)
	at com.crm.qa.util.TestUtil.takeScreenshotAtEndOfTest(TestUtil.java:65)
	at com.crm.qa.util.WebEventListener.onException(WebEventListener.java:68)
	at sun.reflect.GeneratedMethodAccessor1.invoke(Unknown Source)
	at sun.reflect.DelegatingMethodAccessorImpl.invoke(DelegatingMethodAccessorImpl.java:43)
	at java.lang.reflect.Method.invoke(Method.java:483)
	at org.openqa.selenium.support.events.EventFiringWebDriver.lambda$new$0(EventFiringWebDriver.java:84)
	at org.openqa.selenium.support.events.EventFiringWebDriver$$Lambda$199/212683148.invoke(Unknown Source)
	at com.sun.proxy.$Proxy4.onException(Unknown Source)
	at org.openqa.selenium.support.events.EventFiringWebDriver.lambda$new$1(EventFiringWebDriver.java:107)
	at org.openqa.selenium.support.events.EventFiringWebDriver$$Lambda$200/929383713.invoke(Unknown Source)
	at com.sun.proxy.$Proxy5.getScreenshotAs(Unknown Source)
	at org.openqa.selenium.support.events.EventFiringWebDriver.getScreenshotAs(EventFiringWebDriver.java:302)
	at com.crm.qa.util.TestUtil.takeScreenshotAtEndOfTest(TestUtil.java:65)
	at com.crm.qa.util.WebEventListener.onException(WebEventListener.java:68)
	at sun.reflect.GeneratedMethodAccessor1.invoke(Unknown Source)
	at sun.reflect.DelegatingMethodAccessorImpl.invoke(DelegatingMethodAccessorImpl.java:43)
	at java.lang.reflect.Method.invoke(Method.java:483)
	at org.openqa.selenium.support.events.EventFiringWebDriver.lambda$new$0(EventFiringWebDriver.java:84)
	at org.openqa.selenium.support.events.EventFiringWebDriver$$Lambda$199/212683148.invoke(Unknown Source)
	at com.sun.proxy.$Proxy4.onException(Unknown Source)
	at org.openqa.selenium.support.events.EventFiringWebDriver.lambda$new$1(EventFiringWebDriver.java:107)
	at org.openqa.selenium.support.events.EventFiringWebDriver$$Lambda$200/929383713.invoke(Unknown Source)
	at com.sun.proxy.$Proxy5.getScreenshotAs(Unknown Source)
	at org.openqa.selenium.support.events.EventFiringWebDriver.getScreenshotAs(EventFiringWebDriver.java:302)
	at com.crm.qa.util.TestUtil.takeScreenshotAtEndOfTest(TestUtil.java:65)
	at com.crm.qa.util.WebEventListener.onException(WebEventListener.java:68)
	at sun.reflect.GeneratedMethodAccessor1.invoke(Unknown Source)
	at sun.reflect.DelegatingMethodAccessorImpl.invoke(DelegatingMethodAccessorImpl.java:43)
	at java.lang.reflect.Method.invoke(Method.java:483)
	at org.openqa.selenium.support.events.EventFiringWebDriver.lambda$new$0(EventFiringWebDriver.java:84)
	at org.openqa.selenium.support.events.EventFiringWebDriver$$Lambda$199/212683148.invoke(Unknown Source)
	at com.sun.proxy.$Proxy4.onException(Unknown Source)
	at org.openqa.selenium.support.events.EventFiringWebDriver.lambda$new$1(EventFiringWebDriver.java:107)
	at org.openqa.selenium.support.events.EventFiringWebDriver$$Lambda$200/929383713.invoke(Unknown Source)
	at com.sun.proxy.$Proxy5.getScreenshotAs(Unknown Source)
	at org.openqa.selenium.support.events.EventFiringWebDriver.getScreenshotAs(EventFiringWebDriver.java:302)
	at com.crm.qa.util.TestUtil.takeScreenshotAtEndOfTest(TestUtil.java:65)
	at com.crm.qa.util.WebEventListener.onException(WebEventListener.java:68)
	at sun.reflect.GeneratedMethodAccessor1.invoke(Unknown Source)
	at sun.reflect.DelegatingMethodAccessorImpl.invoke(DelegatingMethodAccessorImpl.java:43)
	at java.lang.reflect.Method.invoke(Method.java:483)
	at org.openqa.selenium.support.events.EventFiringWebDriver.lambda$new$0(EventFiringWebDriver.java:84)
	at org.openqa.selenium.support.events.EventFiringWebDriver$$Lambda$199/212683148.invoke(Unknown Source)
	at com.sun.proxy.$Proxy4.onException(Unknown Source)
	at org.openqa.selenium.support.events.EventFiringWebDriver.lambda$new$1(EventFiringWebDriver.java:107)
	at org.openqa.selenium.support.events.EventFiringWebDriver$$Lambda$200/929383713.invoke(Unknown Source)
	at com.sun.proxy.$Proxy5.getScreenshotAs(Unknown Source)
	at org.openqa.selenium.support.events.EventFiringWebDriver.getScreenshotAs(EventFiringWebDriver.java:302)
	at com.crm.qa.util.TestUtil.takeScreenshotAtEndOfTest(TestUtil.java:65)
	at com.crm.qa.util.WebEventListener.onException(WebEventListener.java:68)
	at sun.reflect.GeneratedMethodAccessor1.invoke(Unknown Source)
	at sun.reflect.DelegatingMethodAccessorImpl.invoke(DelegatingMethodAccessorImpl.java:43)
	at java.lang.reflect.Method.invoke(Method.java:483)
	at org.openqa.selenium.support.events.EventFiringWebDriver.lambda$new$0(EventFiringWebDriver.java:84)
	at org.openqa.selenium.support.events.EventFiringWebDriver$$Lambda$199/212683148.invoke(Unknown Source)
	at com.sun.proxy.$Proxy4.onException(Unknown Source)
	at org.openqa.selenium.support.events.EventFiringWebDriver.lambda$new$1(EventFiringWebDriver.java:107)
	at org.openqa.selenium.support.events.EventFiringWebDriver$$Lambda$200/929383713.invoke(Unknown Source)
	at com.sun.proxy.$Proxy5.getScreenshotAs(Unknown Source)
	at org.openqa.selenium.support.events.EventFiringWebDriver.getScreenshotAs(EventFiringWebDriver.java:302)
	at com.crm.qa.util.TestUtil.takeScreenshotAtEndOfTest(TestUtil.java:65)
	at com.crm.qa.util.WebEventListener.onException(WebEventListener.java:68)
	at sun.reflect.GeneratedMethodAccessor1.invoke(Unknown Source)
	at sun.reflect.DelegatingMethodAccessorImpl.invoke(DelegatingMethodAccessorImpl.java:43)
	at java.lang.reflect.Method.invoke(Method.java:483)
	at org.openqa.selenium.support.events.EventFiringWebDriver.lambda$new$0(EventFiringWebDriver.java:84)
	at org.openqa.selenium.support.events.EventFiringWebDriver$$Lambda$199/212683148.invoke(Unknown Source)
	at com.sun.proxy.$Proxy4.onException(Unknown Source)
	at org.openqa.selenium.support.events.EventFiringWebDriver.lambda$new$1(EventFiringWebDriver.java:107)
	at org.openqa.selenium.support.events.EventFiringWebDriver$$Lambda$200/929383713.invoke(Unknown Source)
	at com.sun.proxy.$Proxy5.getScreenshotAs(Unknown Source)
	at org.openqa.selenium.support.events.EventFiringWebDriver.getScreenshotAs(EventFiringWebDriver.java:302)
	at com.crm.qa.util.TestUtil.takeScreenshotAtEndOfTest(TestUtil.java:65)
	at com.crm.qa.util.WebEventListener.onException(WebEventListener.java:68)
	at sun.reflect.GeneratedMethodAccessor1.invoke(Unknown Source)
	at sun.reflect.DelegatingMethodAccessorImpl.invoke(DelegatingMethodAccessorImpl.java:43)
	at java.lang.reflect.Method.invoke(Method.java:483)
	at org.openqa.selenium.support.events.EventFiringWebDriver.lambda$new$0(EventFiringWebDriver.java:84)
	at org.openqa.selenium.support.events.EventFiringWebDriver$$Lambda$199/212683148.invoke(Unknown Source)
	at com.sun.proxy.$Proxy4.onException(Unknown Source)
	at org.openqa.selenium.support.events.EventFiringWebDriver.lambda$new$1(EventFiringWebDriver.java:107)
	at org.openqa.selenium.support.events.EventFiringWebDriver$$Lambda$200/929383713.invoke(Unknown Source)
	at com.sun.proxy.$Proxy5.getScreenshotAs(Unknown Source)
	at org.openqa.selenium.support.events.EventFiringWebDriver.getScreenshotAs(EventFiringWebDriver.java:302)
	at com.crm.qa.util.TestUtil.takeScreenshotAtEndOfTest(TestUtil.java:65)
	at com.crm.qa.util.WebEventListener.onException(WebEventListener.java:68)
	at sun.reflect.GeneratedMethodAccessor1.invoke(Unknown Source)
	at sun.reflect.DelegatingMethodAccessorImpl.invoke(DelegatingMethodAccessorImpl.java:43)
	at java.lang.reflect.Method.invoke(Method.java:483)
	at org.openqa.selenium.support.events.EventFiringWebDriver.lambda$new$0(EventFiringWebDriver.java:84)
	at org.openqa.selenium.support.events.EventFiringWebDriver$$Lambda$199/212683148.invoke(Unknown Source)
	at com.sun.proxy.$Proxy4.onException(Unknown Source)
	at org.openqa.selenium.support.events.EventFiringWebDriver.lambda$new$1(EventFiringWebDriver.java:107)
	at org.openqa.selenium.support.events.EventFiringWebDriver$$Lambda$200/929383713.invoke(Unknown Source)
	at com.sun.proxy.$Proxy5.getScreenshotAs(Unknown Source)
	at org.openqa.selenium.support.events.EventFiringWebDriver.getScreenshotAs(EventFiringWebDriver.java:302)
	at com.crm.qa.util.TestUtil.takeScreenshotAtEndOfTest(TestUtil.java:65)
	at com.crm.qa.util.WebEventListener.onException(WebEventListener.java:68)
	at sun.reflect.GeneratedMethodAccessor1.invoke(Unknown Source)
	at sun.reflect.DelegatingMethodAccessorImpl.invoke(DelegatingMethodAccessorImpl.java:43)
	at java.lang.reflect.Method.invoke(Method.java:483)
	at org.openqa.selenium.support.events.EventFiringWebDriver.lambda$new$0(EventFiringWebDriver.java:84)
	at org.openqa.selenium.support.events.EventFiringWebDriver$$Lambda$199/212683148.invoke(Unknown Source)
	at com.sun.proxy.$Proxy4.onException(Unknown Source)
	at org.openqa.selenium.support.events.EventFiringWebDriver.lambda$new$1(EventFiringWebDriver.java:107)
	at org.openqa.selenium.support.events.EventFiringWebDriver$$Lambda$200/929383713.invoke(Unknown Source)
	at com.sun.proxy.$Proxy5.getScreenshotAs(Unknown Source)
	at org.openqa.selenium.support.events.EventFiringWebDriver.getScreenshotAs(EventFiringWebDriver.java:302)
	at com.crm.qa.util.TestUtil.takeScreenshotAtEndOfTest(TestUtil.java:65)
	at com.crm.qa.util.WebEventListener.onException(WebEventListener.java:68)
	at sun.reflect.GeneratedMethodAccessor1.invoke(Unknown Source)
	at sun.reflect.DelegatingMethodAccessorImpl.invoke(DelegatingMethodAccessorImpl.java:43)
	at java.lang.reflect.Method.invoke(Method.java:483)
	at org.openqa.selenium.support.events.EventFiringWebDriver.lambda$new$0(EventFiringWebDriver.java:84)
	at org.openqa.selenium.support.events.EventFiringWebDriver$$Lambda$199/212683148.invoke(Unknown Source)
	at com.sun.proxy.$Proxy4.onException(Unknown Source)
	at org.openqa.selenium.support.events.EventFiringWebDriver.lambda$new$1(EventFiringWebDriver.java:107)
	at org.openqa.selenium.support.events.EventFiringWebDriver$$Lambda$200/929383713.invoke(Unknown Source)
	at com.sun.proxy.$Proxy5.getScreenshotAs(Unknown Source)
	at org.openqa.selenium.support.events.EventFiringWebDriver.getScreenshotAs(EventFiringWebDriver.java:302)
	at com.crm.qa.util.TestUtil.takeScreenshotAtEndOfTest(TestUtil.java:65)
	at com.crm.qa.util.WebEventListener.onException(WebEventListener.java:68)
	at sun.reflect.GeneratedMethodAccessor1.invoke(Unknown Source)
	at sun.reflect.DelegatingMethodAccessorImpl.invoke(DelegatingMethodAccessorImpl.java:43)
	at java.lang.reflect.Method.invoke(Method.java:483)
	at org.openqa.selenium.support.events.EventFiringWebDriver.lambda$new$0(EventFiringWebDriver.java:84)
	at org.openqa.selenium.support.events.EventFiringWebDriver$$Lambda$199/212683148.invoke(Unknown Source)
	at com.sun.proxy.$Proxy4.onException(Unknown Source)
	at org.openqa.selenium.support.events.EventFiringWebDriver.lambda$new$1(EventFiringWebDriver.java:107)
	at org.openqa.selenium.support.events.EventFiringWebDriver$$Lambda$200/929383713.invoke(Unknown Source)
	at com.sun.proxy.$Proxy5.getScreenshotAs(Unknown Source)
	at org.openqa.selenium.support.events.EventFiringWebDriver.getScreenshotAs(EventFiringWebDriver.java:302)
	at com.crm.qa.util.TestUtil.takeScreenshotAtEndOfTest(TestUtil.java:65)
	at com.crm.qa.util.WebEventListener.onException(WebEventListener.java:68)
	at sun.reflect.GeneratedMethodAccessor1.invoke(Unknown Source)
	at sun.reflect.DelegatingMethodAccessorImpl.invoke(DelegatingMethodAccessorImpl.java:43)
	at java.lang.reflect.Method.invoke(Method.java:483)
	at org.openqa.selenium.support.events.EventFiringWebDriver.lambda$new$0(EventFiringWebDriver.java:84)
	at org.openqa.selenium.support.events.EventFiringWebDriver$$Lambda$199/212683148.invoke(Unknown Source)
	at com.sun.proxy.$Proxy4.onException(Unknown Source)
	at org.openqa.selenium.support.events.EventFiringWebDriver.lambda$new$1(EventFiringWebDriver.java:107)
	at org.openqa.selenium.support.events.EventFiringWebDriver$$Lambda$200/929383713.invoke(Unknown Source)
	at com.sun.proxy.$Proxy5.getScreenshotAs(Unknown Source)
	at org.openqa.selenium.support.events.EventFiringWebDriver.getScreenshotAs(EventFiringWebDriver.java:302)
	at com.crm.qa.util.TestUtil.takeScreenshotAtEndOfTest(TestUtil.java:65)
	at com.crm.qa.util.WebEventListener.onException(WebEventListener.java:68)
	at sun.reflect.GeneratedMethodAccessor1.invoke(Unknown Source)
	at sun.reflect.DelegatingMethodAccessorImpl.invoke(DelegatingMethodAccessorImpl.java:43)
	at java.lang.reflect.Method.invoke(Method.java:483)
	at org.openqa.selenium.support.events.EventFiringWebDriver.lambda$new$0(EventFiringWebDriver.java:84)
	at org.openqa.selenium.support.events.EventFiringWebDriver$$Lambda$199/212683148.invoke(Unknown Source)
	at com.sun.proxy.$Proxy4.onException(Unknown Source)
	at org.openqa.selenium.support.events.EventFiringWebDriver.lambda$new$1(EventFiringWebDriver.java:107)
	at org.openqa.selenium.support.events.EventFiringWebDriver$$Lambda$200/929383713.invoke(Unknown Source)
	at com.sun.proxy.$Proxy5.getScreenshotAs(Unknown Source)
	at org.openqa.selenium.support.events.EventFiringWebDriver.getScreenshotAs(EventFiringWebDriver.java:302)
	at com.crm.qa.util.TestUtil.takeScreenshotAtEndOfTest(TestUtil.java:65)
	at com.crm.qa.util.WebEventListener.onException(WebEventListener.java:68)
	at sun.reflect.GeneratedMethodAccessor1.invoke(Unknown Source)
	at sun.reflect.DelegatingMethodAccessorImpl.invoke(DelegatingMethodAccessorImpl.java:43)
	at java.lang.reflect.Method.invoke(Method.java:483)
	at org.openqa.selenium.support.events.EventFiringWebDriver.lambda$new$0(EventFiringWebDriver.java:84)
	at org.openqa.selenium.support.events.EventFiringWebDriver$$Lambda$199/212683148.invoke(Unknown Source)
	at com.sun.proxy.$Proxy4.onException(Unknown Source)
	at org.openqa.selenium.support.events.EventFiringWebDriver.lambda$new$1(EventFiringWebDriver.java:107)
	at org.openqa.selenium.support.events.EventFiringWebDriver$$Lambda$200/929383713.invoke(Unknown Source)
	at com.sun.proxy.$Proxy5.getScreenshotAs(Unknown Source)
	at org.openqa.selenium.support.events.EventFiringWebDriver.getScreenshotAs(EventFiringWebDriver.java:302)
	at com.crm.qa.util.TestUtil.takeScreenshotAtEndOfTest(TestUtil.java:65)
	at com.crm.qa.util.WebEventListener.onException(WebEventListener.java:68)
	at sun.reflect.GeneratedMethodAccessor1.invoke(Unknown Source)
	at sun.reflect.DelegatingMethodAccessorImpl.invoke(DelegatingMethodAccessorImpl.java:43)
	at java.lang.reflect.Method.invoke(Method.java:483)
	at org.openqa.selenium.support.events.EventFiringWebDriver.lambda$new$0(EventFiringWebDriver.java:84)
	at org.openqa.selenium.support.events.EventFiringWebDriver$$Lambda$199/212683148.invoke(Unknown Source)
	at com.sun.proxy.$Proxy4.onException(Unknown Source)
	at org.openqa.selenium.support.events.EventFiringWebDriver.lambda$new$1(EventFiringWebDriver.java:107)
	at org.openqa.selenium.support.events.EventFiringWebDriver$$Lambda$200/929383713.invoke(Unknown Source)
	at com.sun.proxy.$Proxy5.getScreenshotAs(Unknown Source)
	at org.openqa.selenium.support.events.EventFiringWebDriver.getScreenshotAs(EventFiringWebDriver.java:302)
	at com.crm.qa.util.TestUtil.takeScreenshotAtEndOfTest(TestUtil.java:65)
	at com.crm.qa.util.WebEventListener.onException(WebEventListener.java:68)
	at sun.reflect.GeneratedMethodAccessor1.invoke(Unknown Source)
	at sun.reflect.DelegatingMethodAccessorImpl.invoke(DelegatingMethodAccessorImpl.java:43)
	at java.lang.reflect.Method.invoke(Method.java:483)
	at org.openqa.selenium.support.events.EventFiringWebDriver.lambda$new$0(EventFiringWebDriver.java:84)
	at org.openqa.selenium.support.events.EventFiringWebDriver$$Lambda$199/212683148.invoke(Unknown Source)
	at com.sun.proxy.$Proxy4.onException(Unknown Source)
	at org.openqa.selenium.support.events.EventFiringWebDriver.lambda$new$1(EventFiringWebDriver.java:107)
	at org.openqa.selenium.support.events.EventFiringWebDriver$$Lambda$200/929383713.invoke(Unknown Source)
	at com.sun.proxy.$Proxy5.getScreenshotAs(Unknown Source)
	at org.openqa.selenium.support.events.EventFiringWebDriver.getScreenshotAs(EventFiringWebDriver.java:302)
	at com.crm.qa.util.TestUtil.takeScreenshotAtEndOfTest(TestUtil.java:65)
	at com.crm.qa.util.WebEventListener.onException(WebEventListener.java:68)
	at sun.reflect.GeneratedMethodAccessor1.invoke(Unknown Source)
	at sun.reflect.DelegatingMethodAccessorImpl.invoke(DelegatingMethodAccessorImpl.java:43)
	at java.lang.reflect.Method.invoke(Method.java:483)
	at org.openqa.selenium.support.events.EventFiringWebDriver.lambda$new$0(EventFiringWebDriver.java:84)
	at org.openqa.selenium.support.events.EventFiringWebDriver$$Lambda$199/212683148.invoke(Unknown Source)
	at com.sun.proxy.$Proxy4.onException(Unknown Source)
	at org.openqa.selenium.support.events.EventFiringWebDriver.lambda$new$1(EventFiringWebDriver.java:107)
	at org.openqa.selenium.support.events.EventFiringWebDriver$$Lambda$200/929383713.invoke(Unknown Source)
	at com.sun.proxy.$Proxy5.getScreenshotAs(Unknown Source)
	at org.openqa.selenium.support.events.EventFiringWebDriver.getScreenshotAs(EventFiringWebDriver.java:302)
	at com.crm.qa.util.TestUtil.takeScreenshotAtEndOfTest(TestUtil.java:65)
	at com.crm.qa.util.WebEventListener.onException(WebEventListener.java:68)
	at sun.reflect.GeneratedMethodAccessor1.invoke(Unknown Source)
	at sun.reflect.DelegatingMethodAccessorImpl.invoke(DelegatingMethodAccessorImpl.java:43)
	at java.lang.reflect.Method.invoke(Method.java:483)
	at org.openqa.selenium.support.events.EventFiringWebDriver.lambda$new$0(EventFiringWebDriver.java:84)
	at org.openqa.selenium.support.events.EventFiringWebDriver$$Lambda$199/212683148.invoke(Unknown Source)
	at com.sun.proxy.$Proxy4.onException(Unknown Source)
	at org.openqa.selenium.support.events.EventFiringWebDriver.lambda$new$1(EventFiringWebDriver.java:107)
	at org.openqa.selenium.support.events.EventFiringWebDriver$$Lambda$200/929383713.invoke(Unknown Source)
	at com.sun.proxy.$Proxy5.getScreenshotAs(Unknown Source)
	at org.openqa.selenium.support.events.EventFiringWebDriver.getScreenshotAs(EventFiringWebDriver.java:302)
	at com.crm.qa.util.TestUtil.takeScreenshotAtEndOfTest(TestUtil.java:65)
	at com.crm.qa.util.WebEventListener.onException(WebEventListener.java:68)
	at sun.reflect.GeneratedMethodAccessor1.invoke(Unknown Source)
	at sun.reflect.DelegatingMethodAccessorImpl.invoke(DelegatingMethodAccessorImpl.java:43)
	at java.lang.reflect.Method.invoke(Method.java:483)
	at org.openqa.selenium.support.events.EventFiringWebDriver.lambda$new$0(EventFiringWebDriver.java:84)
	at org.openqa.selenium.support.events.EventFiringWebDriver$$Lambda$199/212683148.invoke(Unknown Source)
	at com.sun.proxy.$Proxy4.onException(Unknown Source)
	at org.openqa.selenium.support.events.EventFiringWebDriver.lambda$new$1(EventFiringWebDriver.java:107)
	at org.openqa.selenium.support.events.EventFiringWebDriver$$Lambda$200/929383713.invoke(Unknown Source)
	at com.sun.proxy.$Proxy5.getScreenshotAs(Unknown Source)
	at org.openqa.selenium.support.events.EventFiringWebDriver.getScreenshotAs(EventFiringWebDriver.java:302)
	at com.crm.qa.util.TestUtil.takeScreenshotAtEndOfTest(TestUtil.java:65)
	at com.crm.qa.util.WebEventListener.onException(WebEventListener.java:68)
	at sun.reflect.GeneratedMethodAccessor1.invoke(Unknown Source)
	at sun.reflect.DelegatingMethodAccessorImpl.invoke(DelegatingMethodAccessorImpl.java:43)
	at java.lang.reflect.Method.invoke(Method.java:483)
	at org.openqa.selenium.support.events.EventFiringWebDriver.lambda$new$0(EventFiringWebDriver.java:84)
	at org.openqa.selenium.support.events.EventFiringWebDriver$$Lambda$199/212683148.invoke(Unknown Source)
	at com.sun.proxy.$Proxy4.onException(Unknown Source)
	at org.openqa.selenium.support.events.EventFiringWebDriver.lambda$new$1(EventFiringWebDriver.java:107)
	at org.openqa.selenium.support.events.EventFiringWebDriver$$Lambda$200/929383713.invoke(Unknown Source)
	at com.sun.proxy.$Proxy5.getScreenshotAs(Unknown Source)
	at org.openqa.selenium.support.events.EventFiringWebDriver.getScreenshotAs(EventFiringWebDriver.java:302)
	at com.crm.qa.util.TestUtil.takeScreenshotAtEndOfTest(TestUtil.java:65)
	at com.crm.qa.util.WebEventListener.onException(WebEventListener.java:68)
	at sun.reflect.GeneratedMethodAccessor1.invoke(Unknown Source)
	at sun.reflect.DelegatingMethodAccessorImpl.invoke(DelegatingMethodAccessorImpl.java:43)
	at java.lang.reflect.Method.invoke(Method.java:483)
	at org.openqa.selenium.support.events.EventFiringWebDriver.lambda$new$0(EventFiringWebDriver.java:84)
	at org.openqa.selenium.support.events.EventFiringWebDriver$$Lambda$199/212683148.invoke(Unknown Source)
	at com.sun.proxy.$Proxy4.onException(Unknown Source)
	at org.openqa.selenium.support.events.EventFiringWebDriver.lambda$new$1(EventFiringWebDriver.java:107)
	at org.openqa.selenium.support.events.EventFiringWebDriver$$Lambda$200/929383713.invoke(Unknown Source)
	at com.sun.proxy.$Proxy5.getScreenshotAs(Unknown Source)
	at org.openqa.selenium.support.events.EventFiringWebDriver.getScreenshotAs(EventFiringWebDriver.java:302)
	at com.crm.qa.util.TestUtil.takeScreenshotAtEndOfTest(TestUtil.java:65)
	at com.crm.qa.util.WebEventListener.onException(WebEventListener.java:68)
	at sun.reflect.GeneratedMethodAccessor1.invoke(Unknown Source)
	at sun.reflect.DelegatingMethodAccessorImpl.invoke(DelegatingMethodAccessorImpl.java:43)
	at java.lang.reflect.Method.invoke(Method.java:483)
	at org.openqa.selenium.support.events.EventFiringWebDriver.lambda$new$0(EventFiringWebDriver.java:84)
	at org.openqa.selenium.support.events.EventFiringWebDriver$$Lambda$199/212683148.invoke(Unknown Source)
	at com.sun.proxy.$Proxy4.onException(Unknown Source)
	at org.openqa.selenium.support.events.EventFiringWebDriver.lambda$new$1(EventFiringWebDriver.java:107)
	at org.openqa.selenium.support.events.EventFiringWebDriver$$Lambda$200/929383713.invoke(Unknown Source)
	at com.sun.proxy.$Proxy5.getScreenshotAs(Unknown Source)
	at org.openqa.selenium.support.events.EventFiringWebDriver.getScreenshotAs(EventFiringWebDriver.java:302)
	at com.crm.qa.util.TestUtil.takeScreenshotAtEndOfTest(TestUtil.java:65)
	at com.crm.qa.util.WebEventListener.onException(WebEventListener.java:68)
	at sun.reflect.GeneratedMethodAccessor1.invoke(Unknown Source)
	at sun.reflect.DelegatingMethodAccessorImpl.invoke(DelegatingMethodAccessorImpl.java:43)
	at java.lang.reflect.Method.invoke(Method.java:483)
	at org.openqa.selenium.support.events.EventFiringWebDriver.lambda$new$0(EventFiringWebDriver.java:84)
	at org.openqa.selenium.support.events.EventFiringWebDriver$$Lambda$199/212683148.invoke(Unknown Source)
	at com.sun.proxy.$Proxy4.onException(Unknown Source)
	at org.openqa.selenium.support.events.EventFiringWebDriver.lambda$new$1(EventFiringWebDriver.java:107)
	at org.openqa.selenium.support.events.EventFiringWebDriver$$Lambda$200/929383713.invoke(Unknown Source)
	at com.sun.proxy.$Proxy5.getScreenshotAs(Unknown Source)
	at org.openqa.selenium.support.events.EventFiringWebDriver.getScreenshotAs(EventFiringWebDriver.java:302)
	at com.crm.qa.util.TestUtil.takeScreenshotAtEndOfTest(TestUtil.java:65)
	at com.crm.qa.util.WebEventListener.onException(WebEventListener.java:68)
	at sun.reflect.GeneratedMethodAccessor1.invoke(Unknown Source)
	at sun.reflect.DelegatingMethodAccessorImpl.invoke(DelegatingMethodAccessorImpl.java:43)
	at java.lang.reflect.Method.invoke(Method.java:483)
	at org.openqa.selenium.support.events.EventFiringWebDriver.lambda$new$0(EventFiringWebDriver.java:84)
	at org.openqa.selenium.support.events.EventFiringWebDriver$$Lambda$199/212683148.invoke(Unknown Source)
	at com.sun.proxy.$Proxy4.onException(Unknown Source)
	at org.openqa.selenium.support.events.EventFiringWebDriver.lambda$new$1(EventFiringWebDriver.java:107)
	at org.openqa.selenium.support.events.EventFiringWebDriver$$Lambda$200/929383713.invoke(Unknown Source)
	at com.sun.proxy.$Proxy5.getScreenshotAs(Unknown Source)
	at org.openqa.selenium.support.events.EventFiringWebDriver.getScreenshotAs(EventFiringWebDriver.java:302)
	at com.crm.qa.util.TestUtil.takeScreenshotAtEndOfTest(TestUtil.java:65)
	at com.crm.qa.util.WebEventListener.onException(WebEventListener.java:68)
	at sun.reflect.GeneratedMethodAccessor1.invoke(Unknown Source)
	at sun.reflect.DelegatingMethodAccessorImpl.invoke(DelegatingMethodAccessorImpl.java:43)
	at java.lang.reflect.Method.invoke(Method.java:483)
	at org.openqa.selenium.support.events.EventFiringWebDriver.lambda$new$0(EventFiringWebDriver.java:84)
	at org.openqa.selenium.support.events.EventFiringWebDriver$$Lambda$199/212683148.invoke(Unknown Source)
	at com.sun.proxy.$Proxy4.onException(Unknown Source)
	at org.openqa.selenium.support.events.EventFiringWebDriver.lambda$new$1(EventFiringWebDriver.java:107)
	at org.openqa.selenium.support.events.EventFiringWebDriver$$Lambda$200/929383713.invoke(Unknown Source)
	at com.sun.proxy.$Proxy5.getScreenshotAs(Unknown Source)
	at org.openqa.selenium.support.events.EventFiringWebDriver.getScreenshotAs(EventFiringWebDriver.java:302)
	at com.crm.qa.util.TestUtil.takeScreenshotAtEndOfTest(TestUtil.java:65)
	at com.crm.qa.util.WebEventListener.onException(WebEventListener.java:68)
	at sun.reflect.GeneratedMethodAccessor1.invoke(Unknown Source)
	at sun.reflect.DelegatingMethodAccessorImpl.invoke(DelegatingMethodAccessorImpl.java:43)
	at java.lang.reflect.Method.invoke(Method.java:483)
	at org.openqa.selenium.support.events.EventFiringWebDriver.lambda$new$0(EventFiringWebDriver.java:84)
	at org.openqa.selenium.support.events.EventFiringWebDriver$$Lambda$199/212683148.invoke(Unknown Source)
	at com.sun.proxy.$Proxy4.onException(Unknown Source)
	at org.openqa.selenium.support.events.EventFiringWebDriver.lambda$new$1(EventFiringWebDriver.java:107)
	at org.openqa.selenium.support.events.EventFiringWebDriver$$Lambda$200/929383713.invoke(Unknown Source)
	at com.sun.proxy.$Proxy5.getScreenshotAs(Unknown Source)
	at org.openqa.selenium.support.events.EventFiringWebDriver.getScreenshotAs(EventFiringWebDriver.java:302)
	at com.crm.qa.util.TestUtil.takeScreenshotAtEndOfTest(TestUtil.java:65)
	at com.crm.qa.util.WebEventListener.onException(WebEventListener.java:68)
	at sun.reflect.GeneratedMethodAccessor1.invoke(Unknown Source)
	at sun.reflect.DelegatingMethodAccessorImpl.invoke(DelegatingMethodAccessorImpl.java:43)
	at java.lang.reflect.Method.invoke(Method.java:483)
	at org.openqa.selenium.support.events.EventFiringWebDriver.lambda$new$0(EventFiringWebDriver.java:84)
	at org.openqa.selenium.support.events.EventFiringWebDriver$$Lambda$199/212683148.invoke(Unknown Source)
	at com.sun.proxy.$Proxy4.onException(Unknown Source)
	at org.openqa.selenium.support.events.EventFiringWebDriver.lambda$new$1(EventFiringWebDriver.java:107)
	at org.openqa.selenium.support.events.EventFiringWebDriver$$Lambda$200/929383713.invoke(Unknown Source)
	at com.sun.proxy.$Proxy5.getScreenshotAs(Unknown Source)
	at org.openqa.selenium.support.events.EventFiringWebDriver.getScreenshotAs(EventFiringWebDriver.java:302)
	at com.crm.qa.util.TestUtil.takeScreenshotAtEndOfTest(TestUtil.java:65)
	at com.crm.qa.util.WebEventListener.onException(WebEventListener.java:68)
	at sun.reflect.GeneratedMethodAccessor1.invoke(Unknown Source)
	at sun.reflect.DelegatingMethodAccessorImpl.invoke(DelegatingMethodAccessorImpl.java:43)
	at java.lang.reflect.Method.invoke(Method.java:483)
	at org.openqa.selenium.support.events.EventFiringWebDriver.lambda$new$0(EventFiringWebDriver.java:84)
	at org.openqa.selenium.support.events.EventFiringWebDriver$$Lambda$199/212683148.invoke(Unknown Source)
	at com.sun.proxy.$Proxy4.onException(Unknown Source)
	at org.openqa.selenium.support.events.EventFiringWebDriver.lambda$new$1(EventFiringWebDriver.java:107)
	at org.openqa.selenium.support.events.EventFiringWebDriver$$Lambda$200/929383713.invoke(Unknown Source)
	at com.sun.proxy.$Proxy5.getScreenshotAs(Unknown Source)
	at org.openqa.selenium.support.events.EventFiringWebDriver.getScreenshotAs(EventFiringWebDriver.java:302)
	at com.crm.qa.util.TestUtil.takeScreenshotAtEndOfTest(TestUtil.java:65)
	at com.crm.qa.util.WebEventListener.onException(WebEventListener.java:68)
	at sun.reflect.GeneratedMethodAccessor1.invoke(Unknown Source)
	at sun.reflect.DelegatingMethodAccessorImpl.invoke(DelegatingMethodAccessorImpl.java:43)
	at java.lang.reflect.Method.invoke(Method.java:483)
	at org.openqa.selenium.support.events.EventFiringWebDriver.lambda$new$0(EventFiringWebDriver.java:84)
	at org.openqa.selenium.support.events.EventFiringWebDriver$$Lambda$199/212683148.invoke(Unknown Source)
	at com.sun.proxy.$Proxy4.onException(Unknown Source)
	at org.openqa.selenium.support.events.EventFiringWebDriver.lambda$new$1(EventFiringWebDriver.java:107)
	at org.openqa.selenium.support.events.EventFiringWebDriver$$Lambda$200/929383713.invoke(Unknown Source)
	at com.sun.proxy.$Proxy5.getScreenshotAs(Unknown Source)
	at org.openqa.selenium.support.events.EventFiringWebDriver.getScreenshotAs(EventFiringWebDriver.java:302)
	at com.crm.qa.util.TestUtil.takeScreenshotAtEndOfTest(TestUtil.java:65)
	at com.crm.qa.util.WebEventListener.onException(WebEventListener.java:68)
	at sun.reflect.GeneratedMethodAccessor1.invoke(Unknown Source)
	at sun.reflect.DelegatingMethodAccessorImpl.invoke(DelegatingMethodAccessorImpl.java:43)
	at java.lang.reflect.Method.invoke(Method.java:483)
	at org.openqa.selenium.support.events.EventFiringWebDriver.lambda$new$0(EventFiringWebDriver.java:84)
	at org.openqa.selenium.support.events.EventFiringWebDriver$$Lambda$199/212683148.invoke(Unknown Source)
	at com.sun.proxy.$Proxy4.onException(Unknown Source)
	at org.openqa.selenium.support.events.EventFiringWebDriver.lambda$new$1(EventFiringWebDriver.java:107)
	at org.openqa.selenium.support.events.EventFiringWebDriver$$Lambda$200/929383713.invoke(Unknown Source)
	at com.sun.proxy.$Proxy5.getScreenshotAs(Unknown Source)
	at org.openqa.selenium.support.events.EventFiringWebDriver.getScreenshotAs(EventFiringWebDriver.java:302)
	at com.crm.qa.util.TestUtil.takeScreenshotAtEndOfTest(TestUtil.java:65)
	at com.crm.qa.util.WebEventListener.onException(WebEventListener.java:68)
	at sun.reflect.GeneratedMethodAccessor1.invoke(Unknown Source)
	at sun.reflect.DelegatingMethodAccessorImpl.invoke(DelegatingMethodAccessorImpl.java:43)
	at java.lang.reflect.Method.invoke(Method.java:483)
	at org.openqa.selenium.support.events.EventFiringWebDriver.lambda$new$0(EventFiringWebDriver.java:84)
	at org.openqa.selenium.support.events.EventFiringWebDriver$$Lambda$199/212683148.invoke(Unknown Source)
	at com.sun.proxy.$Proxy4.onException(Unknown Source)
	at org.openqa.selenium.support.events.EventFiringWebDriver.lambda$new$1(EventFiringWebDriver.java:107)
	at org.openqa.selenium.support.events.EventFiringWebDriver$$Lambda$200/929383713.invoke(Unknown Source)
	at com.sun.proxy.$Proxy5.getScreenshotAs(Unknown Source)
	at org.openqa.selenium.support.events.EventFiringWebDriver.getScreenshotAs(EventFiringWebDriver.java:302)
	at com.crm.qa.util.TestUtil.takeScreenshotAtEndOfTest(TestUtil.java:65)
	at com.crm.qa.util.WebEventListener.onException(WebEventListener.java:68)
	at sun.reflect.GeneratedMethodAccessor1.invoke(Unknown Source)
	at sun.reflect.DelegatingMethodAccessorImpl.invoke(DelegatingMethodAccessorImpl.java:43)
	at java.lang.reflect.Method.invoke(Method.java:483)
	at org.openqa.selenium.support.events.EventFiringWebDriver.lambda$new$0(EventFiringWebDriver.java:84)
	at org.openqa.selenium.support.events.EventFiringWebDriver$$Lambda$199/212683148.invoke(Unknown Source)
	at com.sun.proxy.$Proxy4.onException(Unknown Source)
	at org.openqa.selenium.support.events.EventFiringWebDriver.lambda$new$1(EventFiringWebDriver.java:107)
	at org.openqa.selenium.support.events.EventFiringWebDriver$$Lambda$200/929383713.invoke(Unknown Source)
	at com.sun.proxy.$Proxy5.getScreenshotAs(Unknown Source)
	at org.openqa.selenium.support.events.EventFiringWebDriver.getScreenshotAs(EventFiringWebDriver.java:302)
	at com.crm.qa.util.TestUtil.takeScreenshotAtEndOfTest(TestUtil.java:65)
	at com.crm.qa.util.WebEventListener.onException(WebEventListener.java:68)
	at sun.reflect.GeneratedMethodAccessor1.invoke(Unknown Source)
	at sun.reflect.DelegatingMethodAccessorImpl.invoke(DelegatingMethodAccessorImpl.java:43)
	at java.lang.reflect.Method.invoke(Method.java:483)
	at org.openqa.selenium.support.events.EventFiringWebDriver.lambda$new$0(EventFiringWebDriver.java:84)
	at org.openqa.selenium.support.events.EventFiringWebDriver$$Lambda$199/212683148.invoke(Unknown Source)
	at com.sun.proxy.$Proxy4.onException(Unknown Source)
	at org.openqa.selenium.support.events.EventFiringWebDriver.lambda$new$1(EventFiringWebDriver.java:107)
	at org.openqa.selenium.support.events.EventFiringWebDriver$$Lambda$200/929383713.invoke(Unknown Source)
	at com.sun.proxy.$Proxy5.getScreenshotAs(Unknown Source)
	at org.openqa.selenium.support.events.EventFiringWebDriver.getScreenshotAs(EventFiringWebDriver.java:302)
	at com.crm.qa.util.TestUtil.takeScreenshotAtEndOfTest(TestUtil.java:65)
	at com.crm.qa.util.WebEventListener.onException(WebEventListener.java:68)
	at sun.reflect.GeneratedMethodAccessor1.invoke(Unknown Source)
	at sun.reflect.DelegatingMethodAccessorImpl.invoke(DelegatingMethodAccessorImpl.java:43)
	at java.lang.reflect.Method.invoke(Method.java:483)
	at org.openqa.selenium.support.events.EventFiringWebDriver.lambda$new$0(EventFiringWebDriver.java:84)
	at org.openqa.selenium.support.events.EventFiringWebDriver$$Lambda$199/212683148.invoke(Unknown Source)
	at com.sun.proxy.$Proxy4.onException(Unknown Source)
	at org.openqa.selenium.support.events.EventFiringWebDriver.lambda$new$1(EventFiringWebDriver.java:107)
	at org.openqa.selenium.support.events.EventFiringWebDriver$$Lambda$200/929383713.invoke(Unknown Source)
	at com.sun.proxy.$Proxy5.getScreenshotAs(Unknown Source)
	at org.openqa.selenium.support.events.EventFiringWebDriver.getScreenshotAs(EventFiringWebDriver.java:302)
	at com.crm.qa.util.TestUtil.takeScreenshotAtEndOfTest(TestUtil.java:65)
	at com.crm.qa.util.WebEventListener.onException(WebEventListener.java:68)
	at sun.reflect.GeneratedMethodAccessor1.invoke(Unknown Source)
	at sun.reflect.DelegatingMethodAccessorImpl.invoke(DelegatingMethodAccessorImpl.java:43)
	at java.lang.reflect.Method.invoke(Method.java:483)
	at org.openqa.selenium.support.events.EventFiringWebDriver.lambda$new$0(EventFiringWebDriver.java:84)
	at org.openqa.selenium.support.events.EventFiringWebDriver$$Lambda$199/212683148.invoke(Unknown Source)
	at com.sun.proxy.$Proxy4.onException(Unknown Source)
	at org.openqa.selenium.support.events.EventFiringWebDriver.lambda$new$1(EventFiringWebDriver.java:107)
	at org.openqa.selenium.support.events.EventFiringWebDriver$$Lambda$200/929383713.invoke(Unknown Source)
	at com.sun.proxy.$Proxy5.getScreenshotAs(Unknown Source)
	at org.openqa.selenium.support.events.EventFiringWebDriver.getScreenshotAs(EventFiringWebDriver.java:302)
	at com.crm.qa.util.TestUtil.takeScreenshotAtEndOfTest(TestUtil.java:65)
	at com.crm.qa.util.WebEventListener.onException(WebEventListener.java:68)
	at sun.reflect.GeneratedMethodAccessor1.invoke(Unknown Source)
	at sun.reflect.DelegatingMethodAccessorImpl.invoke(DelegatingMethodAccessorImpl.java:43)
	at java.lang.reflect.Method.invoke(Method.java:483)
	at org.openqa.selenium.support.events.EventFiringWebDriver.lambda$new$0(EventFiringWebDriver.java:84)
	at org.openqa.selenium.support.events.EventFiringWebDriver$$Lambda$199/212683148.invoke(Unknown Source)
	at com.sun.proxy.$Proxy4.onException(Unknown Source)
	at org.openqa.selenium.support.events.EventFiringWebDriver.lambda$new$1(EventFiringWebDriver.java:107)
	at org.openqa.selenium.support.events.EventFiringWebDriver$$Lambda$200/929383713.invoke(Unknown Source)
	at com.sun.proxy.$Proxy5.getScreenshotAs(Unknown Source)
	at org.openqa.selenium.support.events.EventFiringWebDriver.getScreenshotAs(EventFiringWebDriver.java:302)
	at com.crm.qa.util.TestUtil.takeScreenshotAtEndOfTest(TestUtil.java:65)
	at com.crm.qa.util.WebEventListener.onException(WebEventListener.java:68)
	at sun.reflect.GeneratedMethodAccessor1.invoke(Unknown Source)
	at sun.reflect.DelegatingMethodAccessorImpl.invoke(DelegatingMethodAccessorImpl.java:43)
	at java.lang.reflect.Method.invoke(Method.java:483)
	at org.openqa.selenium.support.events.EventFiringWebDriver.lambda$new$0(EventFiringWebDriver.java:84)
	at org.openqa.selenium.support.events.EventFiringWebDriver$$Lambda$199/212683148.invoke(Unknown Source)
	at com.sun.proxy.$Proxy4.onException(Unknown Source)
	at org.openqa.selenium.support.events.EventFiringWebDriver.lambda$new$1(EventFiringWebDriver.java:107)
	at org.openqa.selenium.support.events.EventFiringWebDriver$$Lambda$200/929383713.invoke(Unknown Source)
	at com.sun.proxy.$Proxy5.getScreenshotAs(Unknown Source)
	at org.openqa.selenium.support.events.EventFiringWebDriver.getScreenshotAs(EventFiringWebDriver.java:302)
	at com.crm.qa.util.TestUtil.takeScreenshotAtEndOfTest(TestUtil.java:65)
	at com.crm.qa.util.WebEventListener.onException(WebEventListener.java:68)
	at sun.reflect.GeneratedMethodAccessor1.invoke(Unknown Source)
	at sun.reflect.DelegatingMethodAccessorImpl.invoke(DelegatingMethodAccessorImpl.java:43)
	at java.lang.reflect.Method.invoke(Method.java:483)
	at org.openqa.selenium.support.events.EventFiringWebDriver.lambda$new$0(EventFiringWebDriver.java:84)
	at org.openqa.selenium.support.events.EventFiringWebDriver$$Lambda$199/212683148.invoke(Unknown Source)
	at com.sun.proxy.$Proxy4.onException(Unknown Source)
	at org.openqa.selenium.support.events.EventFiringWebDriver.lambda$new$1(EventFiringWebDriver.java:107)
	at org.openqa.selenium.support.events.EventFiringWebDriver$$Lambda$200/929383713.invoke(Unknown Source)
	at com.sun.proxy.$Proxy5.getScreenshotAs(Unknown Source)
	at org.openqa.selenium.support.events.EventFiringWebDriver.getScreenshotAs(EventFiringWebDriver.java:302)
	at com.crm.qa.util.TestUtil.takeScreenshotAtEndOfTest(TestUtil.java:65)
	at com.crm.qa.util.WebEventListener.onException(WebEventListener.java:68)
	at sun.reflect.GeneratedMethodAccessor1.invoke(Unknown Source)
	at sun.reflect.DelegatingMethodAccessorImpl.invoke(DelegatingMethodAccessorImpl.java:43)
	at java.lang.reflect.Method.invoke(Method.java:483)
	at org.openqa.selenium.support.events.EventFiringWebDriver.lambda$new$0(EventFiringWebDriver.java:84)
	at org.openqa.selenium.support.events.EventFiringWebDriver$$Lambda$199/212683148.invoke(Unknown Source)
	at com.sun.proxy.$Proxy4.onException(Unknown Source)
	at org.openqa.selenium.support.events.EventFiringWebDriver.lambda$new$1(EventFiringWebDriver.java:107)
	at org.openqa.selenium.support.events.EventFiringWebDriver$$Lambda$200/929383713.invoke(Unknown Source)
	at com.sun.proxy.$Proxy5.getScreenshotAs(Unknown Source)
	at org.openqa.selenium.support.events.EventFiringWebDriver.getScreenshotAs(EventFiringWebDriver.java:302)
	at com.crm.qa.util.TestUtil.takeScreenshotAtEndOfTest(TestUtil.java:65)
	at com.crm.qa.util.WebEventListener.onException(WebEventListener.java:68)
	at sun.reflect.GeneratedMethodAccessor1.invoke(Unknown Source)
	at sun.reflect.DelegatingMethodAccessorImpl.invoke(DelegatingMethodAccessorImpl.java:43)
	at java.lang.reflect.Method.invoke(Method.java:483)
	at org.openqa.selenium.support.events.EventFiringWebDriver.lambda$new$0(EventFiringWebDriver.java:84)
	at org.openqa.selenium.support.events.EventFiringWebDriver$$Lambda$199/212683148.invoke(Unknown Source)
	at com.sun.proxy.$Proxy4.onException(Unknown Source)
	at org.openqa.selenium.support.events.EventFiringWebDriver.lambda$new$1(EventFiringWebDriver.java:107)
	at org.openqa.selenium.support.events.EventFiringWebDriver$$Lambda$200/929383713.invoke(Unknown Source)
	at com.sun.proxy.$Proxy5.getScreenshotAs(Unknown Source)
	at org.openqa.selenium.support.events.EventFiringWebDriver.getScreenshotAs(EventFiringWebDriver.java:302)
	at com.crm.qa.util.TestUtil.takeScreenshotAtEndOfTest(TestUtil.java:65)
	at com.crm.qa.util.WebEventListener.onException(WebEventListener.java:68)
	at sun.reflect.GeneratedMethodAccessor1.invoke(Unknown Source)
	at sun.reflect.DelegatingMethodAccessorImpl.invoke(DelegatingMethodAccessorImpl.java:43)
	at java.lang.reflect.Method.invoke(Method.java:483)
	at org.openqa.selenium.support.events.EventFiringWebDriver.lambda$new$0(EventFiringWebDriver.java:84)
	at org.openqa.selenium.support.events.EventFiringWebDriver$$Lambda$199/212683148.invoke(Unknown Source)
	at com.sun.proxy.$Proxy4.onException(Unknown Source)
	at org.openqa.selenium.support.events.EventFiringWebDriver.lambda$new$1(EventFiringWebDriver.java:107)
	at org.openqa.selenium.support.events.EventFiringWebDriver$$Lambda$200/929383713.invoke(Unknown Source)
	at com.sun.proxy.$Proxy5.getScreenshotAs(Unknown Source)
	at org.openqa.selenium.support.events.EventFiringWebDriver.getScreenshotAs(EventFiringWebDriver.java:302)
	at com.crm.qa.util.TestUtil.takeScreenshotAtEndOfTest(TestUtil.java:65)
	at com.crm.qa.util.WebEventListener.onException(WebEventListener.java:68)
	at sun.reflect.GeneratedMethodAccessor1.invoke(Unknown Source)
	at sun.reflect.DelegatingMethodAccessorImpl.invoke(DelegatingMethodAccessorImpl.java:43)
	at java.lang.reflect.Method.invoke(Method.java:483)
	at org.openqa.selenium.support.events.EventFiringWebDriver.lambda$new$0(EventFiringWebDriver.java:84)
	at org.openqa.selenium.support.events.EventFiringWebDriver$$Lambda$199/212683148.invoke(Unknown Source)
	at com.sun.proxy.$Proxy4.onException(Unknown Source)
	at org.openqa.selenium.support.events.EventFiringWebDriver.lambda$new$1(EventFiringWebDriver.java:107)
	at org.openqa.selenium.support.events.EventFiringWebDriver$$Lambda$200/929383713.invoke(Unknown Source)
	at com.sun.proxy.$Proxy5.getScreenshotAs(Unknown Source)
	at org.openqa.selenium.support.events.EventFiringWebDriver.getScreenshotAs(EventFiringWebDriver.java:302)
	at com.crm.qa.util.TestUtil.takeScreenshotAtEndOfTest(TestUtil.java:65)
	at com.crm.qa.util.WebEventListener.onException(WebEventListener.java:68)
	at sun.reflect.GeneratedMethodAccessor1.invoke(Unknown Source)
	at sun.reflect.DelegatingMethodAccessorImpl.invoke(DelegatingMethodAccessorImpl.java:43)
	at java.lang.reflect.Method.invoke(Method.java:483)
	at org.openqa.selenium.support.events.EventFiringWebDriver.lambda$new$0(EventFiringWebDriver.java:84)
	at org.openqa.selenium.support.events.EventFiringWebDriver$$Lambda$199/212683148.invoke(Unknown Source)
	at com.sun.proxy.$Proxy4.onException(Unknown Source)
	at org.openqa.selenium.support.events.EventFiringWebDriver.lambda$new$1(EventFiringWebDriver.java:107)
	at org.openqa.selenium.support.events.EventFiringWebDriver$$Lambda$200/929383713.invoke(Unknown Source)
	at com.sun.proxy.$Proxy5.getScreenshotAs(Unknown Source)
	at org.openqa.selenium.support.events.EventFiringWebDriver.getScreenshotAs(EventFiringWebDriver.java:302)
	at com.crm.qa.util.TestUtil.takeScreenshotAtEndOfTest(TestUtil.java:65)
	at com.crm.qa.util.WebEventListener.onException(WebEventListener.java:68)
	at sun.reflect.GeneratedMethodAccessor1.invoke(Unknown Source)
	at sun.reflect.DelegatingMethodAccessorImpl.invoke(DelegatingMethodAccessorImpl.java:43)
	at java.lang.reflect.Method.invoke(Method.java:483)
	at org.openqa.selenium.support.events.EventFiringWebDriver.lambda$new$0(EventFiringWebDriver.java:84)
	at org.openqa.selenium.support.events.EventFiringWebDriver$$Lambda$199/212683148.invoke(Unknown Source)
	at com.sun.proxy.$Proxy4.onException(Unknown Source)
	at org.openqa.selenium.support.events.EventFiringWebDriver.lambda$new$1(EventFiringWebDriver.java:107)
	at org.openqa.selenium.support.events.EventFiringWebDriver$$Lambda$200/929383713.invoke(Unknown Source)
	at com.sun.proxy.$Proxy5.getScreenshotAs(Unknown Source)
	at org.openqa.selenium.support.events.EventFiringWebDriver.getScreenshotAs(EventFiringWebDriver.java:302)
	at com.crm.qa.util.TestUtil.takeScreenshotAtEndOfTest(TestUtil.java:65)
	at com.crm.qa.util.WebEventListener.onException(WebEventListener.java:68)
	at sun.reflect.GeneratedMethodAccessor1.invoke(Unknown Source)
	at sun.reflect.DelegatingMethodAccessorImpl.invoke(DelegatingMethodAccessorImpl.java:43)
	at java.lang.reflect.Method.invoke(Method.java:483)
	at org.openqa.selenium.support.events.EventFiringWebDriver.lambda$new$0(EventFiringWebDriver.java:84)
	at org.openqa.selenium.support.events.EventFiringWebDriver$$Lambda$199/212683148.invoke(Unknown Source)
	at com.sun.proxy.$Proxy4.onException(Unknown Source)
	at org.openqa.selenium.support.events.EventFiringWebDriver.lambda$new$1(EventFiringWebDriver.java:107)
	at org.openqa.selenium.support.events.EventFiringWebDriver$$Lambda$200/929383713.invoke(Unknown Source)
	at com.sun.proxy.$Proxy5.getScreenshotAs(Unknown Source)
	at org.openqa.selenium.support.events.EventFiringWebDriver.getScreenshotAs(EventFiringWebDriver.java:302)
	at com.crm.qa.util.TestUtil.takeScreenshotAtEndOfTest(TestUtil.java:65)
	at com.crm.qa.util.WebEventListener.onException(WebEventListener.java:68)
	at sun.reflect.GeneratedMethodAccessor1.invoke(Unknown Source)
	at sun.reflect.DelegatingMethodAccessorImpl.invoke(DelegatingMethodAccessorImpl.java:43)
	at java.lang.reflect.Method.invoke(Method.java:483)
	at org.openqa.selenium.support.events.EventFiringWebDriver.lambda$new$0(EventFiringWebDriver.java:84)
	at org.openqa.selenium.support.events.EventFiringWebDriver$$Lambda$199/212683148.invoke(Unknown Source)
	at com.sun.proxy.$Proxy4.onException(Unknown Source)
	at org.openqa.selenium.support.events.EventFiringWebDriver.lambda$new$1(EventFiringWebDriver.java:107)
	at org.openqa.selenium.support.events.EventFiringWebDriver$$Lambda$200/929383713.invoke(Unknown Source)
	at com.sun.proxy.$Proxy5.getScreenshotAs(Unknown Source)
	at org.openqa.selenium.support.events.EventFiringWebDriver.getScreenshotAs(EventFiringWebDriver.java:302)
	at com.crm.qa.util.TestUtil.takeScreenshotAtEndOfTest(TestUtil.java:65)
	at com.crm.qa.util.WebEventListener.onException(WebEventListener.java:68)
	at sun.reflect.GeneratedMethodAccessor1.invoke(Unknown Source)
	at sun.reflect.DelegatingMethodAccessorImpl.invoke(DelegatingMethodAccessorImpl.java:43)
	at java.lang.reflect.Method.invoke(Method.java:483)
	at org.openqa.selenium.support.events.EventFiringWebDriver.lambda$new$0(EventFiringWebDriver.java:84)
	at org.openqa.selenium.support.events.EventFiringWebDriver$$Lambda$199/212683148.invoke(Unknown Source)
	at com.sun.proxy.$Proxy4.onException(Unknown Source)
	at org.openqa.selenium.support.events.EventFiringWebDriver.lambda$new$1(EventFiringWebDriver.java:107)
	at org.openqa.selenium.support.events.EventFiringWebDriver$$Lambda$200/929383713.invoke(Unknown Source)
	at com.sun.proxy.$Proxy5.getScreenshotAs(Unknown Source)
	at org.openqa.selenium.support.events.EventFiringWebDriver.getScreenshotAs(EventFiringWebDriver.java:302)
	at com.crm.qa.util.TestUtil.takeScreenshotAtEndOfTest(TestUtil.java:65)
	at com.crm.qa.util.WebEventListener.onException(WebEventListener.java:68)
	at sun.reflect.GeneratedMethodAccessor1.invoke(Unknown Source)
	at sun.reflect.DelegatingMethodAccessorImpl.invoke(DelegatingMethodAccessorImpl.java:43)
	at java.lang.reflect.Method.invoke(Method.java:483)
	at org.openqa.selenium.support.events.EventFiringWebDriver.lambda$new$0(EventFiringWebDriver.java:84)
	at org.openqa.selenium.support.events.EventFiringWebDriver$$Lambda$199/212683148.invoke(Unknown Source)
	at com.sun.proxy.$Proxy4.onException(Unknown Source)
	at org.openqa.selenium.support.events.EventFiringWebDriver.lambda$new$1(EventFiringWebDriver.java:107)
	at org.openqa.selenium.support.events.EventFiringWebDriver$$Lambda$200/929383713.invoke(Unknown Source)
	at com.sun.proxy.$Proxy5.getScreenshotAs(Unknown Source)
	at org.openqa.selenium.support.events.EventFiringWebDriver.getScreenshotAs(EventFiringWebDriver.java:302)
	at com.crm.qa.util.TestUtil.takeScreenshotAtEndOfTest(TestUtil.java:65)
	at com.crm.qa.util.WebEventListener.onException(WebEventListener.java:68)
	at sun.reflect.GeneratedMethodAccessor1.invoke(Unknown Source)
	at sun.reflect.DelegatingMethodAccessorImpl.invoke(DelegatingMethodAccessorImpl.java:43)
	at java.lang.reflect.Method.invoke(Method.java:483)
	at org.openqa.selenium.support.events.EventFiringWebDriver.lambda$new$0(EventFiringWebDriver.java:84)
	at org.openqa.selenium.support.events.EventFiringWebDriver$$Lambda$199/212683148.invoke(Unknown Source)
	at com.sun.proxy.$Proxy4.onException(Unknown Source)
	at org.openqa.selenium.support.events.EventFiringWebDriver.lambda$new$1(EventFiringWebDriver.java:107)
	at org.openqa.selenium.support.events.EventFiringWebDriver$$Lambda$200/929383713.invoke(Unknown Source)
	at com.sun.proxy.$Proxy5.getScreenshotAs(Unknown Source)
	at org.openqa.selenium.support.events.EventFiringWebDriver.getScreenshotAs(EventFiringWebDriver.java:302)
	at com.crm.qa.util.TestUtil.takeScreenshotAtEndOfTest(TestUtil.java:65)
	at com.crm.qa.util.WebEventListener.onException(WebEventListener.java:68)
	at sun.reflect.GeneratedMethodAccessor1.invoke(Unknown Source)
	at sun.reflect.DelegatingMethodAccessorImpl.invoke(DelegatingMethodAccessorImpl.java:43)
	at java.lang.reflect.Method.invoke(Method.java:483)
	at org.openqa.selenium.support.events.EventFiringWebDriver.lambda$new$0(EventFiringWebDriver.java:84)
	at org.openqa.selenium.support.events.EventFiringWebDriver$$Lambda$199/212683148.invoke(Unknown Source)
	at com.sun.proxy.$Proxy4.onException(Unknown Source)
	at org.openqa.selenium.support.events.EventFiringWebDriver.lambda$new$1(EventFiringWebDriver.java:107)
	at org.openqa.selenium.support.events.EventFiringWebDriver$$Lambda$200/929383713.invoke(Unknown Source)
	at com.sun.proxy.$Proxy5.getScreenshotAs(Unknown Source)
	at org.openqa.selenium.support.events.EventFiringWebDriver.getScreenshotAs(EventFiringWebDriver.java:302)
	at com.crm.qa.util.TestUtil.takeScreenshotAtEndOfTest(TestUtil.java:65)
	at com.crm.qa.util.WebEventListener.onException(WebEventListener.java:68)
	at sun.reflect.GeneratedMethodAccessor1.invoke(Unknown Source)
	at sun.reflect.DelegatingMethodAccessorImpl.invoke(DelegatingMethodAccessorImpl.java:43)
	at java.lang.reflect.Method.invoke(Method.java:483)
	at org.openqa.selenium.support.events.EventFiringWebDriver.lambda$new$0(EventFiringWebDriver.java:84)
	at org.openqa.selenium.support.events.EventFiringWebDriver$$Lambda$199/212683148.invoke(Unknown Source)
	at com.sun.proxy.$Proxy4.onException(Unknown Source)
	at org.openqa.selenium.support.events.EventFiringWebDriver.lambda$new$1(EventFiringWebDriver.java:107)
	at org.openqa.selenium.support.events.EventFiringWebDriver$$Lambda$200/929383713.invoke(Unknown Source)
	at com.sun.proxy.$Proxy5.getScreenshotAs(Unknown Source)
	at org.openqa.selenium.support.events.EventFiringWebDriver.getScreenshotAs(EventFiringWebDriver.java:302)
	at com.crm.qa.util.TestUtil.takeScreenshotAtEndOfTest(TestUtil.java:65)
	at com.crm.qa.util.WebEventListener.onException(WebEventListener.java:68)
	at sun.reflect.GeneratedMethodAccessor1.invoke(Unknown Source)
	at sun.reflect.DelegatingMethodAccessorImpl.invoke(DelegatingMethodAccessorImpl.java:43)
	at java.lang.reflect.Method.invoke(Method.java:483)
	at org.openqa.selenium.support.events.EventFiringWebDriver.lambda$new$0(EventFiringWebDriver.java:84)
	at org.openqa.selenium.support.events.EventFiringWebDriver$$Lambda$199/212683148.invoke(Unknown Source)
	at com.sun.proxy.$Proxy4.onException(Unknown Source)
	at org.openqa.selenium.support.events.EventFiringWebDriver.lambda$new$1(EventFiringWebDriver.java:107)
	at org.openqa.selenium.support.events.EventFiringWebDriver$$Lambda$200/929383713.invoke(Unknown Source)
	at com.sun.proxy.$Proxy5.getScreenshotAs(Unknown Source)
	at org.openqa.selenium.support.events.EventFiringWebDriver.getScreenshotAs(EventFiringWebDriver.java:302)
	at com.crm.qa.util.TestUtil.takeScreenshotAtEndOfTest(TestUtil.java:65)
	at com.crm.qa.util.WebEventListener.onException(WebEventListener.java:68)
	at sun.reflect.GeneratedMethodAccessor1.invoke(Unknown Source)
	at sun.reflect.DelegatingMethodAccessorImpl.invoke(DelegatingMethodAccessorImpl.java:43)
	at java.lang.reflect.Method.invoke(Method.java:483)
	at org.openqa.selenium.support.events.EventFiringWebDriver.lambda$new$0(EventFiringWebDriver.java:84)
	at org.openqa.selenium.support.events.EventFiringWebDriver$$Lambda$199/212683148.invoke(Unknown Source)
	at com.sun.proxy.$Proxy4.onException(Unknown Source)
	at org.openqa.selenium.support.events.EventFiringWebDriver.lambda$new$1(EventFiringWebDriver.java:107)
	at org.openqa.selenium.support.events.EventFiringWebDriver$$Lambda$200/929383713.invoke(Unknown Source)
	at com.sun.proxy.$Proxy5.getScreenshotAs(Unknown Source)
	at org.openqa.selenium.support.events.EventFiringWebDriver.getScreenshotAs(EventFiringWebDriver.java:302)
	at com.crm.qa.util.TestUtil.takeScreenshotAtEndOfTest(TestUtil.java:65)
[...]
	at org.openqa.selenium.support.events.EventFiringWebDriver$$Lambda$200/929383713.invoke(Unknown Source)
	at com.sun.proxy.$Proxy5.getScreenshotAs(Unknown Source)
	at org.openqa.selenium.support.events.EventFiringWebDriver.getScreenshotAs(EventFiringWebDriver.java:302)
	at com.crm.qa.util.TestUtil.takeScreenshotAtEndOfTest(TestUtil.java:65)
	at com.crm.qa.util.WebEventListener.onException(WebEventListener.java:68)
	at sun.reflect.GeneratedMethodAccessor1.invoke(Unknown Source)
	at sun.reflect.DelegatingMethodAccessorImpl.invoke(DelegatingMethodAccessorImpl.java:43)
	at java.lang.reflect.Method.invoke(Method.java:483)
	at org.openqa.selenium.support.events.EventFiringWebDriver.lambda$new$0(EventFiringWebDriver.java:84)
	at org.openqa.selenium.support.events.EventFiringWebDriver$$Lambda$199/212683148.invoke(Unknown Source)
	at com.sun.proxy.$Proxy4.onException(Unknown Source)
	at org.openqa.selenium.support.events.EventFiringWebDriver.lambda$new$1(EventFiringWebDriver.java:107)
	at org.openqa.selenium.support.events.EventFiringWebDriver$$Lambda$200/929383713.invoke(Unknown Source)
	at com.sun.proxy.$Proxy5.getScreenshotAs(Unknown Source)
	at org.openqa.selenium.support.events.EventFiringWebDriver.getScreenshotAs(EventFiringWebDriver.java:302)
	at com.crm.qa.util.TestUtil.takeScreenshotAtEndOfTest(TestUtil.java:65)
	at com.crm.qa.util.WebEventListener.onException(WebEventListener.java:68)
	at sun.reflect.GeneratedMethodAccessor1.invoke(Unknown Source)
	at sun.reflect.DelegatingMethodAccessorImpl.invoke(DelegatingMethodAccessorImpl.java:43)
	at java.lang.reflect.Method.invoke(Method.java:483)
	at org.openqa.selenium.support.events.EventFiringWebDriver.lambda$new$0(EventFiringWebDriver.java:84)
	at org.openqa.selenium.support.events.EventFiringWebDriver$$Lambda$199/212683148.invoke(Unknown Source)
	at com.sun.proxy.$Proxy4.onException(Unknown Source)
	at org.openqa.selenium.support.events.EventFiringWebDriver.lambda$new$1(EventFiringWebDriver.java:107)
	at org.openqa.selenium.support.events.EventFiringWebDriver$$Lambda$200/929383713.invoke(Unknown Source)
	at com.sun.proxy.$Proxy5.getScreenshotAs(Unknown Source)
	at org.openqa.selenium.support.events.EventFiringWebDriver.getScreenshotAs(EventFiringWebDriver.java:302)
	at com.crm.qa.util.TestUtil.takeScreenshotAtEndOfTest(TestUtil.java:65)
	at com.crm.qa.util.WebEventListener.onException(WebEventListener.java:68)
	at sun.reflect.GeneratedMethodAccessor1.invoke(Unknown Source)
	at sun.reflect.DelegatingMethodAccessorImpl.invoke(DelegatingMethodAccessorImpl.java:43)
	at java.lang.reflect.Method.invoke(Method.java:483)
	at org.openqa.selenium.support.events.EventFiringWebDriver.lambda$new$0(EventFiringWebDriver.java:84)
	at org.openqa.selenium.support.events.EventFiringWebDriver$$Lambda$199/212683148.invoke(Unknown Source)
	at com.sun.proxy.$Proxy4.onException(Unknown Source)
	at org.openqa.selenium.support.events.EventFiringWebDriver.lambda$new$1(EventFiringWebDriver.java:107)
	at org.openqa.selenium.support.events.EventFiringWebDriver$$Lambda$200/929383713.invoke(Unknown Source)
	at com.sun.proxy.$Proxy5.getScreenshotAs(Unknown Source)
	at org.openqa.selenium.support.events.EventFiringWebDriver.getScreenshotAs(EventFiringWebDriver.java:302)
	at com.crm.qa.util.TestUtil.takeScreenshotAtEndOfTest(TestUtil.java:65)
	at com.crm.qa.util.WebEventListener.onException(WebEventListener.java:68)
	at sun.reflect.GeneratedMethodAccessor1.invoke(Unknown Source)
	at sun.reflect.DelegatingMethodAccessorImpl.invoke(DelegatingMethodAccessorImpl.java:43)
	at java.lang.reflect.Method.invoke(Method.java:483)
	at org.openqa.selenium.support.events.EventFiringWebDriver.lambda$new$0(EventFiringWebDriver.java:84)
	at org.openqa.selenium.support.events.EventFiringWebDriver$$Lambda$199/212683148.invoke(Unknown Source)
	at com.sun.proxy.$Proxy4.onException(Unknown Source)
	at org.openqa.selenium.support.events.EventFiringWebDriver.lambda$new$1(EventFiringWebDriver.java:107)
	at org.openqa.selenium.support.events.EventFiringWebDriver$$Lambda$200/929383713.invoke(Unknown Source)
	at com.sun.proxy.$Proxy5.getScreenshotAs(Unknown Source)
	at org.openqa.selenium.support.events.EventFiringWebDriver.getScreenshotAs(EventFiringWebDriver.java:302)
	at com.crm.qa.util.TestUtil.takeScreenshotAtEndOfTest(TestUtil.java:65)
	at com.crm.qa.util.WebEventListener.onException(WebEventListener.java:68)
	at sun.reflect.GeneratedMethodAccessor1.invoke(Unknown Source)
	at sun.reflect.DelegatingMethodAccessorImpl.invoke(DelegatingMethodAccessorImpl.java:43)
	at java.lang.reflect.Method.invoke(Method.java:483)
	at org.openqa.selenium.support.events.EventFiringWebDriver.lambda$new$0(EventFiringWebDriver.java:84)
	at org.openqa.selenium.support.events.EventFiringWebDriver$$Lambda$199/212683148.invoke(Unknown Source)
	at com.sun.proxy.$Proxy4.onException(Unknown Source)
	at org.openqa.selenium.support.events.EventFiringWebDriver.lambda$new$1(EventFiringWebDriver.java:107)
	at org.openqa.selenium.support.events.EventFiringWebDriver$$Lambda$200/929383713.invoke(Unknown Source)
	at com.sun.proxy.$Proxy5.getScreenshotAs(Unknown Source)
	at org.openqa.selenium.support.events.EventFiringWebDriver.getScreenshotAs(EventFiringWebDriver.java:302)
	at com.crm.qa.util.TestUtil.takeScreenshotAtEndOfTest(TestUtil.java:65)
	at com.crm.qa.util.WebEventListener.onException(WebEventListener.java:68)
	at sun.reflect.GeneratedMethodAccessor1.invoke(Unknown Source)
	at sun.reflect.DelegatingMethodAccessorImpl.invoke(DelegatingMethodAccessorImpl.java:43)
	at java.lang.reflect.Method.invoke(Method.java:483)
	at org.openqa.selenium.support.events.EventFiringWebDriver.lambda$new$0(EventFiringWebDriver.java:84)
	at org.openqa.selenium.support.events.EventFiringWebDriver$$Lambda$199/212683148.invoke(Unknown Source)
	at com.sun.proxy.$Proxy4.onException(Unknown Source)
	at org.openqa.selenium.support.events.EventFiringWebDriver.lambda$new$1(EventFiringWebDriver.java:107)
	at org.openqa.selenium.support.events.EventFiringWebDriver$$Lambda$200/929383713.invoke(Unknown Source)
	at com.sun.proxy.$Proxy5.getScreenshotAs(Unknown Source)
	at org.openqa.selenium.support.events.EventFiringWebDriver.getScreenshotAs(EventFiringWebDriver.java:302)
	at com.crm.qa.util.TestUtil.takeScreenshotAtEndOfTest(TestUtil.java:65)
	at com.crm.qa.util.WebEventListener.onException(WebEventListener.java:68)
	at sun.reflect.GeneratedMethodAccessor1.invoke(Unknown Source)
	at sun.reflect.DelegatingMethodAccessorImpl.invoke(DelegatingMethodAccessorImpl.java:43)
	at java.lang.reflect.Method.invoke(Method.java:483)
	at org.openqa.selenium.support.events.EventFiringWebDriver.lambda$new$0(EventFiringWebDriver.java:84)
	at org.openqa.selenium.support.events.EventFiringWebDriver$$Lambda$199/212683148.invoke(Unknown Source)
	at com.sun.proxy.$Proxy4.onException(Unknown Source)
	at org.openqa.selenium.support.events.EventFiringWebDriver.lambda$new$1(EventFiringWebDriver.java:107)
	at org.openqa.selenium.support.events.EventFiringWebDriver$$Lambda$200/929383713.invoke(Unknown Source)
	at com.sun.proxy.$Proxy5.getScreenshotAs(Unknown Source)
	at org.openqa.selenium.support.events.EventFiringWebDriver.getScreenshotAs(EventFiringWebDriver.java:302)
	at com.crm.qa.util.TestUtil.takeScreenshotAtEndOfTest(TestUtil.java:65)
	at com.crm.qa.util.WebEventListener.onException(WebEventListener.java:68)
	at sun.reflect.GeneratedMethodAccessor1.invoke(Unknown Source)
	at sun.reflect.DelegatingMethodAccessorImpl.invoke(DelegatingMethodAccessorImpl.java:43)
	at java.lang.reflect.Method.invoke(Method.java:483)
	at org.openqa.selenium.support.events.EventFiringWebDriver.lambda$new$0(EventFiringWebDriver.java:84)
	at org.openqa.selenium.support.events.EventFiringWebDriver$$Lambda$199/212683148.invoke(Unknown Source)
	at com.sun.proxy.$Proxy4.onException(Unknown Source)
	at org.openqa.selenium.support.events.EventFiringWebDriver.lambda$new$1(EventFiringWebDriver.java:107)
	at org.openqa.selenium.support.events.EventFiringWebDriver$$Lambda$200/929383713.invoke(Unknown Source)
	at com.sun.proxy.$Proxy5.getScreenshotAs(Unknown Source)
	at org.openqa.selenium.support.events.EventFiringWebDriver.getScreenshotAs(EventFiringWebDriver.java:302)
	at com.crm.qa.util.TestUtil.takeScreenshotAtEndOfTest(TestUtil.java:65)
	at com.crm.qa.util.WebEventListener.onException(WebEventListener.java:68)
	at sun.reflect.GeneratedMethodAccessor1.invoke(Unknown Source)
	at sun.reflect.DelegatingMethodAccessorImpl.invoke(DelegatingMethodAccessorImpl.java:43)
	at java.lang.reflect.Method.invoke(Method.java:483)
	at org.openqa.selenium.support.events.EventFiringWebDriver.lambda$new$0(EventFiringWebDriver.java:84)
	at org.openqa.selenium.support.events.EventFiringWebDriver$$Lambda$199/212683148.invoke(Unknown Source)
	at com.sun.proxy.$Proxy4.onException(Unknown Source)
	at org.openqa.selenium.support.events.EventFiringWebDriver.lambda$new$1(EventFiringWebDriver.java:107)
	at org.openqa.selenium.support.events.EventFiringWebDriver$$Lambda$200/929383713.invoke(Unknown Source)
	at com.sun.proxy.$Proxy5.getScreenshotAs(Unknown Source)
	at org.openqa.selenium.support.events.EventFiringWebDriver.getScreenshotAs(EventFiringWebDriver.java:302)
	at com.crm.qa.util.TestUtil.takeScreenshotAtEndOfTest(TestUtil.java:65)
	at com.crm.qa.util.WebEventListener.onException(WebEventListener.java:68)
	at sun.reflect.GeneratedMethodAccessor1.invoke(Unknown Source)
	at sun.reflect.DelegatingMethodAccessorImpl.invoke(DelegatingMethodAccessorImpl.java:43)
	at java.lang.reflect.Method.invoke(Method.java:483)
	at org.openqa.selenium.support.events.EventFiringWebDriver.lambda$new$0(EventFiringWebDriver.java:84)
	at org.openqa.selenium.support.events.EventFiringWebDriver$$Lambda$199/212683148.invoke(Unknown Source)
	at com.sun.proxy.$Proxy4.onException(Unknown Source)
	at org.openqa.selenium.support.events.EventFiringWebDriver.lambda$new$1(EventFiringWebDriver.java:107)
	at org.openqa.selenium.support.events.EventFiringWebDriver$$Lambda$200/929383713.invoke(Unknown Source)
	at com.sun.proxy.$Proxy5.getScreenshotAs(Unknown Source)
	at org.openqa.selenium.support.events.EventFiringWebDriver.getScreenshotAs(EventFiringWebDriver.java:302)
	at com.crm.qa.util.TestUtil.takeScreenshotAtEndOfTest(TestUtil.java:65)
	at com.crm.qa.util.WebEventListener.onException(WebEventListener.java:68)
	at sun.reflect.GeneratedMethodAccessor1.invoke(Unknown Source)
	at sun.reflect.DelegatingMethodAccessorImpl.invoke(DelegatingMethodAccessorImpl.java:43)
	at java.lang.reflect.Method.invoke(Method.java:483)
	at org.openqa.selenium.support.events.EventFiringWebDriver.lambda$new$0(EventFiringWebDriver.java:84)
	at org.openqa.selenium.support.events.EventFiringWebDriver$$Lambda$199/212683148.invoke(Unknown Source)
	at com.sun.proxy.$Proxy4.onException(Unknown Source)
	at org.openqa.selenium.support.events.EventFiringWebDriver.lambda$new$1(EventFiringWebDriver.java:107)
	at org.openqa.selenium.support.events.EventFiringWebDriver$$Lambda$200/929383713.invoke(Unknown Source)
	at com.sun.proxy.$Proxy5.getScreenshotAs(Unknown Source)
	at org.openqa.selenium.support.events.EventFiringWebDriver.getScreenshotAs(EventFiringWebDriver.java:302)
	at com.crm.qa.util.TestUtil.takeScreenshotAtEndOfTest(TestUtil.java:65)
	at com.crm.qa.util.WebEventListener.onException(WebEventListener.java:68)
	at sun.reflect.GeneratedMethodAccessor1.invoke(Unknown Source)
	at sun.reflect.DelegatingMethodAccessorImpl.invoke(DelegatingMethodAccessorImpl.java:43)
	at java.lang.reflect.Method.invoke(Method.java:483)
	at org.openqa.selenium.support.events.EventFiringWebDriver.lambda$new$0(EventFiringWebDriver.java:84)
	at org.openqa.selenium.support.events.EventFiringWebDriver$$Lambda$199/212683148.invoke(Unknown Source)
	at com.sun.proxy.$Proxy4.onException(Unknown Source)
	at org.openqa.selenium.support.events.EventFiringWebDriver.lambda$new$1(EventFiringWebDriver.java:107)
	at org.openqa.selenium.support.events.EventFiringWebDriver$$Lambda$200/929383713.invoke(Unknown Source)
	at com.sun.proxy.$Proxy5.getScreenshotAs(Unknown Source)
	at org.openqa.selenium.support.events.EventFiringWebDriver.getScreenshotAs(EventFiringWebDriver.java:302)
	at com.crm.qa.util.TestUtil.takeScreenshotAtEndOfTest(TestUtil.java:65)
	at com.crm.qa.util.WebEventListener.onException(WebEventListener.java:68)
	at sun.reflect.GeneratedMethodAccessor1.invoke(Unknown Source)
	at sun.reflect.DelegatingMethodAccessorImpl.invoke(DelegatingMethodAccessorImpl.java:43)
	at java.lang.reflect.Method.invoke(Method.java:483)
	at org.openqa.selenium.support.events.EventFiringWebDriver.lambda$new$0(EventFiringWebDriver.java:84)
	at org.openqa.selenium.support.events.EventFiringWebDriver$$Lambda$199/212683148.invoke(Unknown Source)
	at com.sun.proxy.$Proxy4.onException(Unknown Source)
	at org.openqa.selenium.support.events.EventFiringWebDriver.lambda$new$1(EventFiringWebDriver.java:107)
	at org.openqa.selenium.support.events.EventFiringWebDriver$$Lambda$200/929383713.invoke(Unknown Source)
	at com.sun.proxy.$Proxy5.getScreenshotAs(Unknown Source)
	at org.openqa.selenium.support.events.EventFiringWebDriver.getScreenshotAs(EventFiringWebDriver.java:302)
	at com.crm.qa.util.TestUtil.takeScreenshotAtEndOfTest(TestUtil.java:65)
	at com.crm.qa.util.WebEventListener.onException(WebEventListener.java:68)
	at sun.reflect.GeneratedMethodAccessor1.invoke(Unknown Source)
	at sun.reflect.DelegatingMethodAccessorImpl.invoke(DelegatingMethodAccessorImpl.java:43)
	at java.lang.reflect.Method.invoke(Method.java:483)
	at org.openqa.selenium.support.events.EventFiringWebDriver.lambda$new$0(EventFiringWebDriver.java:84)
	at org.openqa.selenium.support.events.EventFiringWebDriver$$Lambda$199/212683148.invoke(Unknown Source)
	at com.sun.proxy.$Proxy4.onException(Unknown Source)
	at org.openqa.selenium.support.events.EventFiringWebDriver.lambda$new$1(EventFiringWebDriver.java:107)
	at org.openqa.selenium.support.events.EventFiringWebDriver$$Lambda$200/929383713.invoke(Unknown Source)
	at com.sun.proxy.$Proxy5.getScreenshotAs(Unknown Source)
	at org.openqa.selenium.support.events.EventFiringWebDriver.getScreenshotAs(EventFiringWebDriver.java:302)
	at com.crm.qa.util.TestUtil.takeScreenshotAtEndOfTest(TestUtil.java:65)
	at com.crm.qa.util.WebEventListener.onException(WebEventListener.java:68)
	at sun.reflect.GeneratedMethodAccessor1.invoke(Unknown Source)
	at sun.reflect.DelegatingMethodAccessorImpl.invoke(DelegatingMethodAccessorImpl.java:43)
	at java.lang.reflect.Method.invoke(Method.java:483)
	at org.openqa.selenium.support.events.EventFiringWebDriver.lambda$new$0(EventFiringWebDriver.java:84)
	at org.openqa.selenium.support.events.EventFiringWebDriver$$Lambda$199/212683148.invoke(Unknown Source)
	at com.sun.proxy.$Proxy4.onException(Unknown Source)
	at org.openqa.selenium.support.events.EventFiringWebDriver.lambda$new$1(EventFiringWebDriver.java:107)
	at org.openqa.selenium.support.events.EventFiringWebDriver$$Lambda$200/929383713.invoke(Unknown Source)
	at com.sun.proxy.$Proxy5.getScreenshotAs(Unknown Source)
	at org.openqa.selenium.support.events.EventFiringWebDriver.getScreenshotAs(EventFiringWebDriver.java:302)
	at com.crm.qa.util.TestUtil.takeScreenshotAtEndOfTest(TestUtil.java:65)
	at com.crm.qa.util.WebEventListener.onException(WebEventListener.java:68)
	at sun.reflect.GeneratedMethodAccessor1.invoke(Unknown Source)
	at sun.reflect.DelegatingMethodAccessorImpl.invoke(DelegatingMethodAccessorImpl.java:43)
	at java.lang.reflect.Method.invoke(Method.java:483)
	at org.openqa.selenium.support.events.EventFiringWebDriver.lambda$new$0(EventFiringWebDriver.java:84)
	at org.openqa.selenium.support.events.EventFiringWebDriver$$Lambda$199/212683148.invoke(Unknown Source)
	at com.sun.proxy.$Proxy4.onException(Unknown Source)
	at org.openqa.selenium.support.events.EventFiringWebDriver.lambda$new$1(EventFiringWebDriver.java:107)
	at org.openqa.selenium.support.events.EventFiringWebDriver$$Lambda$200/929383713.invoke(Unknown Source)
	at com.sun.proxy.$Proxy5.getScreenshotAs(Unknown Source)
	at org.openqa.selenium.support.events.EventFiringWebDriver.getScreenshotAs(EventFiringWebDriver.java:302)
	at com.crm.qa.util.TestUtil.takeScreenshotAtEndOfTest(TestUtil.java:65)
	at com.crm.qa.util.WebEventListener.onException(WebEventListener.java:68)
	at sun.reflect.GeneratedMethodAccessor1.invoke(Unknown Source)
	at sun.reflect.DelegatingMethodAccessorImpl.invoke(DelegatingMethodAccessorImpl.java:43)
	at java.lang.reflect.Method.invoke(Method.java:483)
	at org.openqa.selenium.support.events.EventFiringWebDriver.lambda$new$0(EventFiringWebDriver.java:84)
	at org.openqa.selenium.support.events.EventFiringWebDriver$$Lambda$199/212683148.invoke(Unknown Source)
	at com.sun.proxy.$Proxy4.onException(Unknown Source)
	at org.openqa.selenium.support.events.EventFiringWebDriver.lambda$new$1(EventFiringWebDriver.java:107)
	at org.openqa.selenium.support.events.EventFiringWebDriver$$Lambda$200/929383713.invoke(Unknown Source)
	at com.sun.proxy.$Proxy5.getScreenshotAs(Unknown Source)
	at org.openqa.selenium.support.events.EventFiringWebDriver.getScreenshotAs(EventFiringWebDriver.java:302)
	at com.crm.qa.util.TestUtil.takeScreenshotAtEndOfTest(TestUtil.java:65)
	at com.crm.qa.util.WebEventListener.onException(WebEventListener.java:68)
	at sun.reflect.GeneratedMethodAccessor1.invoke(Unknown Source)
	at sun.reflect.DelegatingMethodAccessorImpl.invoke(DelegatingMethodAccessorImpl.java:43)
	at java.lang.reflect.Method.invoke(Method.java:483)
	at org.openqa.selenium.support.events.EventFiringWebDriver.lambda$new$0(EventFiringWebDriver.java:84)
	at org.openqa.selenium.support.events.EventFiringWebDriver$$Lambda$199/212683148.invoke(Unknown Source)
	at com.sun.proxy.$Proxy4.onException(Unknown Source)
	at org.openqa.selenium.support.events.EventFiringWebDriver.lambda$new$1(EventFiringWebDriver.java:107)
	at org.openqa.selenium.support.events.EventFiringWebDriver$$Lambda$200/929383713.invoke(Unknown Source)
	at com.sun.proxy.$Proxy5.getScreenshotAs(Unknown Source)
	at org.openqa.selenium.support.events.EventFiringWebDriver.getScreenshotAs(EventFiringWebDriver.java:302)
	at com.crm.qa.util.TestUtil.takeScreenshotAtEndOfTest(TestUtil.java:65)
	at com.crm.qa.util.WebEventListener.onException(WebEventListener.java:68)
	at sun.reflect.GeneratedMethodAccessor1.invoke(Unknown Source)
	at sun.reflect.DelegatingMethodAccessorImpl.invoke(DelegatingMethodAccessorImpl.java:43)
	at java.lang.reflect.Method.invoke(Method.java:483)
	at org.openqa.selenium.support.events.EventFiringWebDriver.lambda$new$0(EventFiringWebDriver.java:84)
	at org.openqa.selenium.support.events.EventFiringWebDriver$$Lambda$199/212683148.invoke(Unknown Source)
	at com.sun.proxy.$Proxy4.onException(Unknown Source)
	at org.openqa.selenium.support.events.EventFiringWebDriver.lambda$new$1(EventFiringWebDriver.java:107)
	at org.openqa.selenium.support.events.EventFiringWebDriver$$Lambda$200/929383713.invoke(Unknown Source)
	at com.sun.proxy.$Proxy5.getScreenshotAs(Unknown Source)
	at org.openqa.selenium.support.events.EventFiringWebDriver.getScreenshotAs(EventFiringWebDriver.java:302)
	at com.crm.qa.util.TestUtil.takeScreenshotAtEndOfTest(TestUtil.java:65)
	at com.crm.qa.util.WebEventListener.onException(WebEventListener.java:68)
	at sun.reflect.GeneratedMethodAccessor1.invoke(Unknown Source)
	at sun.reflect.DelegatingMethodAccessorImpl.invoke(DelegatingMethodAccessorImpl.java:43)
	at java.lang.reflect.Method.invoke(Method.java:483)
	at org.openqa.selenium.support.events.EventFiringWebDriver.lambda$new$0(EventFiringWebDriver.java:84)
	at org.openqa.selenium.support.events.EventFiringWebDriver$$Lambda$199/212683148.invoke(Unknown Source)
	at com.sun.proxy.$Proxy4.onException(Unknown Source)
	at org.openqa.selenium.support.events.EventFiringWebDriver.lambda$new$1(EventFiringWebDriver.java:107)
]]>
    </failure>
  </testcase> <!-- AmazonDeleteCart_Test -->
</testsuite> <!-- Default test -->
