<?xml version="1.0" encoding="UTF-8"?>
<testng-results skipped="0" failed="0" total="1" passed="1">
  <reporter-output>
  </reporter-output>
  <suite name="Default suite" duration-ms="13708" started-at="2023-12-08T08:13:54Z" finished-at="2023-12-08T08:14:08Z">
    <groups>
    </groups>
    <test name="Default test" duration-ms="13708" started-at="2023-12-08T08:13:54Z" finished-at="2023-12-08T08:14:08Z">
      <class name="com.crm.qa.testcases.Examples.DropDown">
        <test-method status="PASS" signature="setUp()[pri:0, instance:com.crm.qa.testcases.Examples.DropDown@7c75222b]" name="setUp" is-config="true" duration-ms="4809" started-at="2023-12-08T13:43:54Z" finished-at="2023-12-08T13:43:59Z">
          <reporter-output>
          </reporter-output>
        </test-method> <!-- setUp -->
        <test-method status="PASS" signature="WebsiteLogin_Test()[pri:0, instance:com.crm.qa.testcases.Examples.DropDown@7c75222b]" name="WebsiteLogin_Test" duration-ms="8868" started-at="2023-12-08T13:43:59Z" finished-at="2023-12-08T13:44:08Z">
          <reporter-output>
          </reporter-output>
        </test-method> <!-- WebsiteLogin_Test -->
      </class> <!-- com.crm.qa.testcases.Examples.DropDown -->
    </test> <!-- Default test -->
  </suite> <!-- Default suite -->
</testng-results>
